{"/home/travis/build/npmtest/node-npmtest-mixpanel/test.js":{"path":"/home/travis/build/npmtest/node-npmtest-mixpanel/test.js","s":{"1":2,"2":2,"3":2,"4":2,"5":2,"6":2,"7":2,"8":1,"9":2,"10":2,"11":1,"12":1,"13":1,"14":1,"15":2,"16":2,"17":2,"18":2,"19":1,"20":1,"21":2,"22":2,"23":2,"24":1,"25":1,"26":1,"27":1,"28":1,"29":1,"30":1,"31":1,"32":1,"33":1,"34":1,"35":1,"36":1,"37":2,"38":2,"39":1,"40":2,"41":2,"42":1,"43":2,"44":2,"45":1,"46":2,"47":2,"48":1,"49":1,"50":1,"51":1,"52":1},"b":{"1":[2,1,1,1],"2":[1,1,1,1],"3":[1,1],"4":[1,1],"5":[1,1],"6":[1,1],"7":[1,1],"8":[1,1],"9":[1,1,1],"10":[1,1],"11":[1,1],"12":[1,1],"13":[1,1],"14":[1,1],"15":[1,1],"16":[1,1]},"f":{"1":2,"2":2,"3":2,"4":2,"5":2,"6":1,"7":1,"8":2,"9":2,"10":2,"11":2,"12":1},"fnMap":{"1":{"name":"(anonymous_1)","line":12,"loc":{"start":{"line":12,"column":1},"end":{"line":12,"column":13}}},"2":{"name":"(anonymous_2)","line":19,"loc":{"start":{"line":19,"column":5},"end":{"line":19,"column":17}}},"3":{"name":"(anonymous_3)","line":23,"loc":{"start":{"line":23,"column":24},"end":{"line":23,"column":36}}},"4":{"name":"(anonymous_4)","line":61,"loc":{"start":{"line":61,"column":5},"end":{"line":61,"column":17}}},"5":{"name":"(anonymous_5)","line":82,"loc":{"start":{"line":82,"column":5},"end":{"line":82,"column":17}}},"6":{"name":"(anonymous_6)","line":102,"loc":{"start":{"line":102,"column":83},"end":{"line":105,"column":10}},"skip":true},"7":{"name":"(anonymous_7)","line":113,"loc":{"start":{"line":113,"column":77},"end":{"line":116,"column":10}},"skip":true},"8":{"name":"(anonymous_8)","line":129,"loc":{"start":{"line":129,"column":12},"end":{"line":129,"column":40}},"skip":true},"9":{"name":"(anonymous_9)","line":137,"loc":{"start":{"line":137,"column":77},"end":{"line":140,"column":10}},"skip":true},"10":{"name":"(anonymous_10)","line":148,"loc":{"start":{"line":148,"column":83},"end":{"line":151,"column":10}},"skip":true},"11":{"name":"(anonymous_11)","line":159,"loc":{"start":{"line":159,"column":79},"end":{"line":162,"column":10}},"skip":true},"12":{"name":"(anonymous_12)","line":170,"loc":{"start":{"line":170,"column":75},"end":{"line":173,"column":10}},"skip":true}},"statementMap":{"1":{"start":{"line":12,"column":0},"end":{"line":185,"column":5}},"2":{"start":{"line":14,"column":4},"end":{"line":14,"column":14}},"3":{"start":{"line":19,"column":4},"end":{"line":56,"column":9}},"4":{"start":{"line":21,"column":8},"end":{"line":21,"column":19}},"5":{"start":{"line":23,"column":8},"end":{"line":35,"column":13}},"6":{"start":{"line":24,"column":12},"end":{"line":34,"column":13}},"7":{"start":{"line":25,"column":16},"end":{"line":28,"column":30}},"8":{"start":{"line":30,"column":16},"end":{"line":33,"column":27}},"9":{"start":{"line":37,"column":8},"end":{"line":39,"column":21}},"10":{"start":{"line":40,"column":8},"end":{"line":53,"column":9}},"11":{"start":{"line":43,"column":12},"end":{"line":46,"column":14}},"12":{"start":{"line":47,"column":12},"end":{"line":47,"column":18}},"13":{"start":{"line":50,"column":12},"end":{"line":51,"column":46}},"14":{"start":{"line":52,"column":12},"end":{"line":52,"column":18}},"15":{"start":{"line":55,"column":8},"end":{"line":55,"column":35}},"16":{"start":{"line":61,"column":4},"end":{"line":63,"column":9}},"17":{"start":{"line":62,"column":8},"end":{"line":62,"column":15}},"18":{"start":{"line":64,"column":4},"end":{"line":77,"column":5}},"19":{"start":{"line":70,"column":8},"end":{"line":70,"column":14}},"20":{"start":{"line":76,"column":8},"end":{"line":76,"column":14}},"21":{"start":{"line":82,"column":4},"end":{"line":84,"column":9}},"22":{"start":{"line":83,"column":8},"end":{"line":83,"column":15}},"23":{"start":{"line":85,"column":4},"end":{"line":184,"column":5}},"24":{"start":{"line":92,"column":8},"end":{"line":94,"column":63}},"25":{"start":{"line":95,"column":8},"end":{"line":95,"column":14}},"26":{"start":{"line":102,"column":8},"end":{"line":111,"column":10},"skip":true},"27":{"start":{"line":109,"column":12},"end":{"line":109,"column":55},"skip":true},"28":{"start":{"line":110,"column":12},"end":{"line":110,"column":48},"skip":true},"29":{"start":{"line":113,"column":8},"end":{"line":126,"column":10},"skip":true},"30":{"start":{"line":120,"column":12},"end":{"line":120,"column":76},"skip":true},"31":{"start":{"line":121,"column":12},"end":{"line":121,"column":73},"skip":true},"32":{"start":{"line":122,"column":12},"end":{"line":122,"column":74},"skip":true},"33":{"start":{"line":123,"column":12},"end":{"line":123,"column":79},"skip":true},"34":{"start":{"line":124,"column":12},"end":{"line":124,"column":25},"skip":true},"35":{"start":{"line":125,"column":12},"end":{"line":125,"column":45},"skip":true},"36":{"start":{"line":128,"column":8},"end":{"line":135,"column":14},"skip":true},"37":{"start":{"line":133,"column":16},"end":{"line":133,"column":29},"skip":true},"38":{"start":{"line":134,"column":16},"end":{"line":134,"column":55},"skip":true},"39":{"start":{"line":137,"column":8},"end":{"line":146,"column":10},"skip":true},"40":{"start":{"line":144,"column":12},"end":{"line":144,"column":25},"skip":true},"41":{"start":{"line":145,"column":12},"end":{"line":145,"column":45},"skip":true},"42":{"start":{"line":148,"column":8},"end":{"line":157,"column":10},"skip":true},"43":{"start":{"line":155,"column":12},"end":{"line":155,"column":25},"skip":true},"44":{"start":{"line":156,"column":12},"end":{"line":156,"column":48},"skip":true},"45":{"start":{"line":159,"column":8},"end":{"line":168,"column":10},"skip":true},"46":{"start":{"line":166,"column":12},"end":{"line":166,"column":25},"skip":true},"47":{"start":{"line":167,"column":12},"end":{"line":167,"column":46},"skip":true},"48":{"start":{"line":170,"column":8},"end":{"line":179,"column":10},"skip":true},"49":{"start":{"line":177,"column":12},"end":{"line":177,"column":94},"skip":true},"50":{"start":{"line":178,"column":12},"end":{"line":178,"column":48},"skip":true},"51":{"start":{"line":182,"column":8},"end":{"line":182,"column":35},"skip":true},"52":{"start":{"line":183,"column":8},"end":{"line":183,"column":14},"skip":true}},"branchMap":{"1":{"line":25,"type":"binary-expr","locations":[{"start":{"line":25,"column":23},"end":{"line":25,"column":62}},{"start":{"line":26,"column":20},"end":{"line":26,"column":70}},{"start":{"line":27,"column":20},"end":{"line":27,"column":71}},{"start":{"line":28,"column":20},"end":{"line":28,"column":29}}]},"2":{"line":30,"type":"binary-expr","locations":[{"start":{"line":30,"column":23},"end":{"line":30,"column":37}},{"start":{"line":31,"column":20},"end":{"line":31,"column":61}},{"start":{"line":32,"column":20},"end":{"line":32,"column":70}},{"start":{"line":33,"column":20},"end":{"line":33,"column":26}}]},"3":{"line":37,"type":"cond-expr","locations":[{"start":{"line":38,"column":14},"end":{"line":38,"column":20}},{"start":{"line":39,"column":14},"end":{"line":39,"column":20}}]},"4":{"line":40,"type":"switch","locations":[{"start":{"line":42,"column":8},"end":{"line":47,"column":18}},{"start":{"line":49,"column":8},"end":{"line":52,"column":18}}]},"5":{"line":44,"type":"binary-expr","locations":[{"start":{"line":44,"column":16},"end":{"line":44,"column":44}},{"start":{"line":44,"column":48},"end":{"line":44,"column":66}}]},"6":{"line":50,"type":"binary-expr","locations":[{"start":{"line":50,"column":21},"end":{"line":50,"column":49}},{"start":{"line":50,"column":53},"end":{"line":50,"column":72}}]},"7":{"line":64,"type":"switch","locations":[{"start":{"line":69,"column":4},"end":{"line":70,"column":14}},{"start":{"line":75,"column":4},"end":{"line":76,"column":14}}]},"8":{"line":85,"type":"switch","locations":[{"start":{"line":90,"column":4},"end":{"line":95,"column":14}},{"start":{"line":101,"column":4},"end":{"line":183,"column":14},"skip":true}]},"9":{"line":92,"type":"binary-expr","locations":[{"start":{"line":92,"column":18},"end":{"line":92,"column":32}},{"start":{"line":93,"column":12},"end":{"line":93,"column":53}},{"start":{"line":94,"column":12},"end":{"line":94,"column":61}}]},"10":{"line":102,"type":"binary-expr","locations":[{"start":{"line":102,"column":45},"end":{"line":102,"column":79},"skip":true},{"start":{"line":102,"column":83},"end":{"line":111,"column":9},"skip":true}]},"11":{"line":113,"type":"binary-expr","locations":[{"start":{"line":113,"column":42},"end":{"line":113,"column":73},"skip":true},{"start":{"line":113,"column":77},"end":{"line":126,"column":9},"skip":true}]},"12":{"line":128,"type":"binary-expr","locations":[{"start":{"line":128,"column":48},"end":{"line":128,"column":85},"skip":true},{"start":{"line":129,"column":12},"end":{"line":135,"column":13},"skip":true}]},"13":{"line":137,"type":"binary-expr","locations":[{"start":{"line":137,"column":42},"end":{"line":137,"column":73},"skip":true},{"start":{"line":137,"column":77},"end":{"line":146,"column":9},"skip":true}]},"14":{"line":148,"type":"binary-expr","locations":[{"start":{"line":148,"column":45},"end":{"line":148,"column":79},"skip":true},{"start":{"line":148,"column":83},"end":{"line":157,"column":9},"skip":true}]},"15":{"line":159,"type":"binary-expr","locations":[{"start":{"line":159,"column":43},"end":{"line":159,"column":75},"skip":true},{"start":{"line":159,"column":79},"end":{"line":168,"column":9},"skip":true}]},"16":{"line":170,"type":"binary-expr","locations":[{"start":{"line":170,"column":41},"end":{"line":170,"column":71},"skip":true},{"start":{"line":170,"column":75},"end":{"line":179,"column":9},"skip":true}]}},"code":["/* istanbul instrument in package npmtest_mixpanel */","/*jslint","    bitwise: true,","    browser: true,","    maxerr: 8,","    maxlen: 96,","    node: true,","    nomen: true,","    regexp: true,","    stupid: true","*/","(function () {","    'use strict';","    var local;","","","","    // run shared js-env code - pre-init","    (function () {","        // init local","        local = {};","        // init modeJs","        local.modeJs = (function () {","            try {","                return typeof navigator.userAgent === 'string' &&","                    typeof document.querySelector('body') === 'object' &&","                    typeof XMLHttpRequest.prototype.open === 'function' &&","                    'browser';","            } catch (errorCaughtBrowser) {","                return module.exports &&","                    typeof process.versions.node === 'string' &&","                    typeof require('http').createServer === 'function' &&","                    'node';","            }","        }());","        // init global","        local.global = local.modeJs === 'browser'","            ? window","            : global;","        switch (local.modeJs) {","        // re-init local from window.local","        case 'browser':","            local = local.global.utility2.objectSetDefault(","                local.global.utility2_rollup || local.global.local,","                local.global.utility2","            );","            break;","        // re-init local from example.js","        case 'node':","            local = (local.global.utility2_rollup || require('utility2'))","                .requireExampleJsFromReadme();","            break;","        }","        // export local","        local.global.local = local;","    }());","","","","    // run shared js-env code - function","    (function () {","        return;","    }());","    switch (local.modeJs) {","","","","    // run browser js-env code - function","    case 'browser':","        break;","","","","    // run node js-env code - function","    case 'node':","        break;","    }","","","","    // run shared js-env code - post-init","    (function () {","        return;","    }());","    switch (local.modeJs) {","","","","    // run browser js-env code - post-init","    case 'browser':","        // run tests","        local.nop(local.modeTest &&","            document.querySelector('#testRunButton1') &&","            document.querySelector('#testRunButton1').click());","        break;","","","","    // run node js-env code - post-init","    /* istanbul ignore next */","    case 'node':","        local.testCase_buildApidoc_default = local.testCase_buildApidoc_default || function (","            options,","            onError","        ) {","        /*","         * this function will test buildApidoc's default handling-behavior-behavior","         */","            options = { modulePathList: module.paths };","            local.buildApidoc(options, onError);","        };","","        local.testCase_buildApp_default = local.testCase_buildApp_default || function (","            options,","            onError","        ) {","        /*","         * this function will test buildApp's default handling-behavior-behavior","         */","            local.testCase_buildReadme_default(options, local.onErrorThrow);","            local.testCase_buildLib_default(options, local.onErrorThrow);","            local.testCase_buildTest_default(options, local.onErrorThrow);","            local.testCase_buildCustomOrg_default(options, local.onErrorThrow);","            options = [];","            local.buildApp(options, onError);","        };","","        local.testCase_buildCustomOrg_default = local.testCase_buildCustomOrg_default ||","            function (options, onError) {","            /*","             * this function will test buildCustomOrg's default handling-behavior","             */","                options = {};","                local.buildCustomOrg(options, onError);","            };","","        local.testCase_buildLib_default = local.testCase_buildLib_default || function (","            options,","            onError","        ) {","        /*","         * this function will test buildLib's default handling-behavior","         */","            options = {};","            local.buildLib(options, onError);","        };","","        local.testCase_buildReadme_default = local.testCase_buildReadme_default || function (","            options,","            onError","        ) {","        /*","         * this function will test buildReadme's default handling-behavior-behavior","         */","            options = {};","            local.buildReadme(options, onError);","        };","","        local.testCase_buildTest_default = local.testCase_buildTest_default || function (","            options,","            onError","        ) {","        /*","         * this function will test buildTest's default handling-behavior","         */","            options = {};","            local.buildTest(options, onError);","        };","","        local.testCase_webpage_default = local.testCase_webpage_default || function (","            options,","            onError","        ) {","        /*","         * this function will test webpage's default handling-behavior","         */","            options = { modeCoverageMerge: true, url: local.serverLocalHost + '?modeTest=1' };","            local.browserTest(options, onError);","        };","","        // run test-server","        local.testRunServer(local);","        break;","    }","}());",""],"l":{"12":2,"14":2,"19":2,"21":2,"23":2,"24":2,"25":2,"30":1,"37":2,"40":2,"43":1,"47":1,"50":1,"52":1,"55":2,"61":2,"62":2,"64":2,"70":1,"76":1,"82":2,"83":2,"85":2,"92":1,"95":1,"102":1,"109":1,"110":1,"113":1,"120":1,"121":1,"122":1,"123":1,"124":1,"125":1,"128":1,"133":2,"134":2,"137":1,"144":2,"145":2,"148":1,"155":2,"156":2,"159":1,"166":2,"167":2,"170":1,"177":1,"178":1,"182":1,"183":1}},"/home/travis/build/npmtest/node-npmtest-mixpanel/lib.npmtest_mixpanel.js":{"path":"/home/travis/build/npmtest/node-npmtest-mixpanel/lib.npmtest_mixpanel.js","s":{"1":2,"2":2,"3":2,"4":2,"5":2,"6":2,"7":2,"8":1,"9":2,"10":2,"11":2,"12":2,"13":1,"14":1,"15":1,"16":1},"b":{"1":[2,1,1,1],"2":[1,1,1,1],"3":[1,1],"4":[2,2],"5":[1,1]},"f":{"1":2,"2":2,"3":2},"fnMap":{"1":{"name":"(anonymous_1)","line":12,"loc":{"start":{"line":12,"column":1},"end":{"line":12,"column":13}}},"2":{"name":"(anonymous_2)","line":19,"loc":{"start":{"line":19,"column":5},"end":{"line":19,"column":17}}},"3":{"name":"(anonymous_3)","line":23,"loc":{"start":{"line":23,"column":24},"end":{"line":23,"column":36}}}},"statementMap":{"1":{"start":{"line":12,"column":0},"end":{"line":53,"column":5}},"2":{"start":{"line":14,"column":4},"end":{"line":14,"column":14}},"3":{"start":{"line":19,"column":4},"end":{"line":52,"column":9}},"4":{"start":{"line":21,"column":8},"end":{"line":21,"column":19}},"5":{"start":{"line":23,"column":8},"end":{"line":35,"column":13}},"6":{"start":{"line":24,"column":12},"end":{"line":34,"column":13}},"7":{"start":{"line":25,"column":16},"end":{"line":28,"column":30}},"8":{"start":{"line":30,"column":16},"end":{"line":33,"column":27}},"9":{"start":{"line":37,"column":8},"end":{"line":39,"column":21}},"10":{"start":{"line":41,"column":8},"end":{"line":41,"column":54}},"11":{"start":{"line":43,"column":8},"end":{"line":43,"column":53}},"12":{"start":{"line":45,"column":8},"end":{"line":51,"column":9}},"13":{"start":{"line":46,"column":12},"end":{"line":46,"column":59}},"14":{"start":{"line":48,"column":12},"end":{"line":48,"column":35}},"15":{"start":{"line":49,"column":12},"end":{"line":49,"column":49}},"16":{"start":{"line":50,"column":12},"end":{"line":50,"column":43}}},"branchMap":{"1":{"line":25,"type":"binary-expr","locations":[{"start":{"line":25,"column":23},"end":{"line":25,"column":62}},{"start":{"line":26,"column":20},"end":{"line":26,"column":70}},{"start":{"line":27,"column":20},"end":{"line":27,"column":71}},{"start":{"line":28,"column":20},"end":{"line":28,"column":29}}]},"2":{"line":30,"type":"binary-expr","locations":[{"start":{"line":30,"column":23},"end":{"line":30,"column":37}},{"start":{"line":31,"column":20},"end":{"line":31,"column":61}},{"start":{"line":32,"column":20},"end":{"line":32,"column":70}},{"start":{"line":33,"column":20},"end":{"line":33,"column":26}}]},"3":{"line":37,"type":"cond-expr","locations":[{"start":{"line":38,"column":14},"end":{"line":38,"column":20}},{"start":{"line":39,"column":14},"end":{"line":39,"column":20}}]},"4":{"line":41,"type":"binary-expr","locations":[{"start":{"line":41,"column":16},"end":{"line":41,"column":44}},{"start":{"line":41,"column":48},"end":{"line":41,"column":53}}]},"5":{"line":45,"type":"if","locations":[{"start":{"line":45,"column":8},"end":{"line":45,"column":8}},{"start":{"line":45,"column":8},"end":{"line":45,"column":8}}]}},"code":["/* istanbul instrument in package npmtest_mixpanel */","/*jslint","    bitwise: true,","    browser: true,","    maxerr: 8,","    maxlen: 96,","    node: true,","    nomen: true,","    regexp: true,","    stupid: true","*/","(function () {","    'use strict';","    var local;","","","","    // run shared js-env code - pre-init","    (function () {","        // init local","        local = {};","        // init modeJs","        local.modeJs = (function () {","            try {","                return typeof navigator.userAgent === 'string' &&","                    typeof document.querySelector('body') === 'object' &&","                    typeof XMLHttpRequest.prototype.open === 'function' &&","                    'browser';","            } catch (errorCaughtBrowser) {","                return module.exports &&","                    typeof process.versions.node === 'string' &&","                    typeof require('http').createServer === 'function' &&","                    'node';","            }","        }());","        // init global","        local.global = local.modeJs === 'browser'","            ? window","            : global;","        // init utility2_rollup","        local = local.global.utility2_rollup || local;","        // init lib","        local.local = local.npmtest_mixpanel = local;","        // init exports","        if (local.modeJs === 'browser') {","            local.global.utility2_npmtest_mixpanel = local;","        } else {","            module.exports = local;","            module.exports.__dirname = __dirname;","            module.exports.module = module;","        }","    }());","}());",""],"l":{"12":2,"14":2,"19":2,"21":2,"23":2,"24":2,"25":2,"30":1,"37":2,"41":2,"43":2,"45":2,"46":1,"48":1,"49":1,"50":1}},"/home/travis/build/npmtest/node-npmtest-mixpanel/example.js":{"path":"/home/travis/build/npmtest/node-npmtest-mixpanel/example.js","s":{"1":2,"2":2,"3":2,"4":2,"5":2,"6":2,"7":2,"8":1,"9":2,"10":2,"11":2,"12":2,"13":1,"14":2,"15":2,"16":2,"17":2,"18":2,"19":0,"20":2,"21":1,"22":1,"23":1,"24":1,"25":1,"26":0,"27":0,"28":1,"29":1,"30":2,"31":0,"32":0,"33":0,"34":1,"35":2,"36":2,"37":2,"38":2,"39":2,"40":2,"41":0,"42":2,"43":2,"44":2,"45":1,"46":3,"47":1,"48":1,"49":1,"50":1,"51":1,"52":1,"53":1,"54":1,"55":1,"56":1,"57":0,"58":1,"59":6,"60":6,"61":1,"62":2,"63":0,"64":2,"65":1,"66":1,"67":0,"68":0,"69":0,"70":0,"71":0,"72":0,"73":0,"74":0,"75":0,"76":0,"77":0,"78":0,"79":0,"80":0,"81":0,"82":0,"83":0},"b":{"1":[2,1,1,1],"2":[1,1,1,1],"3":[1,1],"4":[2,2],"5":[1,1],"6":[1,1],"7":[2,0],"8":[2,1,1,1,1,1],"9":[0,2,0],"10":[1,1],"11":[2,1,1],"12":[1,0],"13":[0,2],"14":[2,0,0,0,0,0,0],"15":[0,2],"16":[2,0],"17":[1,1],"18":[0,1],"19":[1,2,0,2],"20":[1,0],"21":[1,1],"22":[0,0],"23":[0,0],"24":[0,0],"25":[0,0],"26":[0,0],"27":[0,0],"28":[0,0]},"f":{"1":2,"2":2,"3":2,"4":2,"5":2,"6":2,"7":2,"8":2,"9":3,"10":1,"11":6,"12":0},"fnMap":{"1":{"name":"(anonymous_1)","line":26,"loc":{"start":{"line":26,"column":1},"end":{"line":26,"column":13}}},"2":{"name":"(anonymous_2)","line":33,"loc":{"start":{"line":33,"column":5},"end":{"line":33,"column":17}}},"3":{"name":"(anonymous_3)","line":37,"loc":{"start":{"line":37,"column":24},"end":{"line":37,"column":36}}},"4":{"name":"(anonymous_4)","line":69,"loc":{"start":{"line":69,"column":31},"end":{"line":69,"column":48}},"skip":true},"5":{"name":"(anonymous_5)","line":78,"loc":{"start":{"line":78,"column":26},"end":{"line":78,"column":45}},"skip":true},"6":{"name":"(anonymous_6)","line":123,"loc":{"start":{"line":123,"column":33},"end":{"line":123,"column":48}},"skip":true},"7":{"name":"(anonymous_7)","line":125,"loc":{"start":{"line":125,"column":27},"end":{"line":125,"column":39}},"skip":true},"8":{"name":"(anonymous_8)","line":133,"loc":{"start":{"line":133,"column":59},"end":{"line":133,"column":74}},"skip":true},"9":{"name":"(anonymous_9)","line":143,"loc":{"start":{"line":143,"column":45},"end":{"line":143,"column":62}},"skip":true},"10":{"name":"(anonymous_10)","line":144,"loc":{"start":{"line":144,"column":73},"end":{"line":144,"column":92}},"skip":true},"11":{"name":"(anonymous_11)","line":272,"loc":{"start":{"line":272,"column":51},"end":{"line":272,"column":77}},"skip":true},"12":{"name":"(anonymous_12)","line":314,"loc":{"start":{"line":314,"column":32},"end":{"line":314,"column":61}},"skip":true}},"statementMap":{"1":{"start":{"line":26,"column":0},"end":{"line":325,"column":5}},"2":{"start":{"line":28,"column":4},"end":{"line":28,"column":14}},"3":{"start":{"line":33,"column":4},"end":{"line":60,"column":9}},"4":{"start":{"line":35,"column":8},"end":{"line":35,"column":19}},"5":{"start":{"line":37,"column":8},"end":{"line":49,"column":13}},"6":{"start":{"line":38,"column":12},"end":{"line":48,"column":13}},"7":{"start":{"line":39,"column":16},"end":{"line":42,"column":30}},"8":{"start":{"line":44,"column":16},"end":{"line":47,"column":27}},"9":{"start":{"line":51,"column":8},"end":{"line":53,"column":21}},"10":{"start":{"line":55,"column":8},"end":{"line":57,"column":45}},"11":{"start":{"line":59,"column":8},"end":{"line":59,"column":35}},"12":{"start":{"line":61,"column":4},"end":{"line":324,"column":5}},"13":{"start":{"line":69,"column":8},"end":{"line":121,"column":10},"skip":true},"14":{"start":{"line":70,"column":12},"end":{"line":88,"column":13},"skip":true},"15":{"start":{"line":76,"column":16},"end":{"line":87,"column":19},"skip":true},"16":{"start":{"line":79,"column":20},"end":{"line":86,"column":21},"skip":true},"17":{"start":{"line":82,"column":24},"end":{"line":82,"column":43},"skip":true},"18":{"start":{"line":83,"column":24},"end":{"line":83,"column":30},"skip":true},"19":{"start":{"line":85,"column":24},"end":{"line":85,"column":49},"skip":true},"20":{"start":{"line":89,"column":12},"end":{"line":107,"column":13},"skip":true},"21":{"start":{"line":92,"column":16},"end":{"line":102,"column":17},"skip":true},"22":{"start":{"line":93,"column":20},"end":{"line":93,"column":86},"skip":true},"23":{"start":{"line":94,"column":20},"end":{"line":95,"column":45},"skip":true},"24":{"start":{"line":96,"column":20},"end":{"line":96,"column":42},"skip":true},"25":{"start":{"line":97,"column":20},"end":{"line":97,"column":48},"skip":true},"26":{"start":{"line":100,"column":20},"end":{"line":100,"column":85},"skip":true},"27":{"start":{"line":101,"column":20},"end":{"line":101,"column":96},"skip":true},"28":{"start":{"line":103,"column":16},"end":{"line":103,"column":22},"skip":true},"29":{"start":{"line":106,"column":16},"end":{"line":106,"column":22},"skip":true},"30":{"start":{"line":108,"column":12},"end":{"line":120,"column":13},"skip":true},"31":{"start":{"line":114,"column":16},"end":{"line":119,"column":17},"skip":true},"32":{"start":{"line":116,"column":20},"end":{"line":116,"column":78},"skip":true},"33":{"start":{"line":118,"column":20},"end":{"line":118,"column":47},"skip":true},"34":{"start":{"line":123,"column":8},"end":{"line":141,"column":11},"skip":true},"35":{"start":{"line":124,"column":12},"end":{"line":124,"column":54},"skip":true},"36":{"start":{"line":125,"column":12},"end":{"line":140,"column":14},"skip":true},"37":{"start":{"line":126,"column":16},"end":{"line":126,"column":28},"skip":true},"38":{"start":{"line":127,"column":16},"end":{"line":127,"column":69},"skip":true},"39":{"start":{"line":128,"column":16},"end":{"line":128,"column":75},"skip":true},"40":{"start":{"line":129,"column":16},"end":{"line":131,"column":17},"skip":true},"41":{"start":{"line":130,"column":20},"end":{"line":130,"column":27},"skip":true},"42":{"start":{"line":133,"column":16},"end":{"line":137,"column":36},"skip":true},"43":{"start":{"line":134,"column":20},"end":{"line":136,"column":55},"skip":true},"44":{"start":{"line":139,"column":16},"end":{"line":139,"column":57},"skip":true},"45":{"start":{"line":143,"column":8},"end":{"line":147,"column":11},"skip":true},"46":{"start":{"line":144,"column":12},"end":{"line":146,"column":15},"skip":true},"47":{"start":{"line":145,"column":16},"end":{"line":145,"column":70},"skip":true},"48":{"start":{"line":149,"column":8},"end":{"line":149,"column":31},"skip":true},"49":{"start":{"line":150,"column":8},"end":{"line":150,"column":14},"skip":true},"50":{"start":{"line":158,"column":8},"end":{"line":158,"column":31},"skip":true},"51":{"start":{"line":160,"column":8},"end":{"line":160,"column":33},"skip":true},"52":{"start":{"line":161,"column":8},"end":{"line":161,"column":37},"skip":true},"53":{"start":{"line":162,"column":8},"end":{"line":162,"column":35},"skip":true},"54":{"start":{"line":164,"column":8},"end":{"line":164,"column":50},"skip":true},"55":{"start":{"line":166,"column":8},"end":{"line":256,"column":2},"skip":true},"56":{"start":{"line":258,"column":8},"end":{"line":286,"column":9},"skip":true},"57":{"start":{"line":259,"column":12},"end":{"line":269,"column":14},"skip":true},"58":{"start":{"line":271,"column":12},"end":{"line":285,"column":19},"skip":true},"59":{"start":{"line":274,"column":20},"end":{"line":274,"column":35},"skip":true},"60":{"start":{"line":275,"column":20},"end":{"line":284,"column":21},"skip":true},"61":{"start":{"line":277,"column":24},"end":{"line":277,"column":64},"skip":true},"62":{"start":{"line":279,"column":24},"end":{"line":279,"column":40},"skip":true},"63":{"start":{"line":281,"column":24},"end":{"line":281,"column":40},"skip":true},"64":{"start":{"line":283,"column":24},"end":{"line":283,"column":39},"skip":true},"65":{"start":{"line":288,"column":8},"end":{"line":290,"column":9},"skip":true},"66":{"start":{"line":289,"column":12},"end":{"line":289,"column":18},"skip":true},"67":{"start":{"line":291,"column":8},"end":{"line":293,"column":54},"skip":true},"68":{"start":{"line":294,"column":8},"end":{"line":301,"column":37},"skip":true},"69":{"start":{"line":302,"column":8},"end":{"line":302,"column":82},"skip":true},"70":{"start":{"line":305,"column":8},"end":{"line":307,"column":9},"skip":true},"71":{"start":{"line":306,"column":12},"end":{"line":306,"column":82},"skip":true},"72":{"start":{"line":309,"column":8},"end":{"line":311,"column":9},"skip":true},"73":{"start":{"line":310,"column":12},"end":{"line":310,"column":18},"skip":true},"74":{"start":{"line":312,"column":8},"end":{"line":312,"column":54},"skip":true},"75":{"start":{"line":313,"column":8},"end":{"line":313,"column":69},"skip":true},"76":{"start":{"line":314,"column":8},"end":{"line":322,"column":36},"skip":true},"77":{"start":{"line":315,"column":12},"end":{"line":315,"column":61},"skip":true},"78":{"start":{"line":316,"column":12},"end":{"line":319,"column":13},"skip":true},"79":{"start":{"line":317,"column":16},"end":{"line":317,"column":75},"skip":true},"80":{"start":{"line":318,"column":16},"end":{"line":318,"column":23},"skip":true},"81":{"start":{"line":320,"column":12},"end":{"line":320,"column":38},"skip":true},"82":{"start":{"line":321,"column":12},"end":{"line":321,"column":27},"skip":true},"83":{"start":{"line":323,"column":8},"end":{"line":323,"column":14},"skip":true}},"branchMap":{"1":{"line":39,"type":"binary-expr","locations":[{"start":{"line":39,"column":23},"end":{"line":39,"column":62}},{"start":{"line":40,"column":20},"end":{"line":40,"column":70}},{"start":{"line":41,"column":20},"end":{"line":41,"column":71}},{"start":{"line":42,"column":20},"end":{"line":42,"column":29}}]},"2":{"line":44,"type":"binary-expr","locations":[{"start":{"line":44,"column":23},"end":{"line":44,"column":37}},{"start":{"line":45,"column":20},"end":{"line":45,"column":61}},{"start":{"line":46,"column":20},"end":{"line":46,"column":70}},{"start":{"line":47,"column":20},"end":{"line":47,"column":26}}]},"3":{"line":51,"type":"cond-expr","locations":[{"start":{"line":52,"column":14},"end":{"line":52,"column":20}},{"start":{"line":53,"column":14},"end":{"line":53,"column":20}}]},"4":{"line":55,"type":"binary-expr","locations":[{"start":{"line":55,"column":16},"end":{"line":55,"column":44}},{"start":{"line":55,"column":49},"end":{"line":57,"column":43}}]},"5":{"line":55,"type":"cond-expr","locations":[{"start":{"line":56,"column":14},"end":{"line":56,"column":52}},{"start":{"line":57,"column":14},"end":{"line":57,"column":43}}]},"6":{"line":61,"type":"switch","locations":[{"start":{"line":68,"column":4},"end":{"line":150,"column":14},"skip":true},{"start":{"line":156,"column":4},"end":{"line":323,"column":14},"skip":true}]},"7":{"line":70,"type":"if","locations":[{"start":{"line":70,"column":12},"end":{"line":70,"column":12},"skip":true},{"start":{"line":70,"column":12},"end":{"line":70,"column":12},"skip":true}]},"8":{"line":70,"type":"binary-expr","locations":[{"start":{"line":70,"column":16},"end":{"line":70,"column":22},"skip":true},{"start":{"line":70,"column":27},"end":{"line":70,"column":32},"skip":true},{"start":{"line":71,"column":20},"end":{"line":71,"column":39},"skip":true},{"start":{"line":72,"column":20},"end":{"line":72,"column":49},"skip":true},{"start":{"line":73,"column":20},"end":{"line":73,"column":58},"skip":true},{"start":{"line":74,"column":20},"end":{"line":74,"column":69},"skip":true}]},"9":{"line":79,"type":"switch","locations":[{"start":{"line":80,"column":20},"end":{"line":80,"column":33},"skip":true},{"start":{"line":81,"column":20},"end":{"line":83,"column":30},"skip":true},{"start":{"line":84,"column":20},"end":{"line":85,"column":49},"skip":true}]},"10":{"line":89,"type":"switch","locations":[{"start":{"line":90,"column":12},"end":{"line":103,"column":22},"skip":true},{"start":{"line":105,"column":12},"end":{"line":106,"column":22},"skip":true}]},"11":{"line":89,"type":"binary-expr","locations":[{"start":{"line":89,"column":20},"end":{"line":89,"column":25},"skip":true},{"start":{"line":89,"column":29},"end":{"line":89,"column":48},"skip":true},{"start":{"line":89,"column":52},"end":{"line":89,"column":74},"skip":true}]},"12":{"line":92,"type":"if","locations":[{"start":{"line":92,"column":16},"end":{"line":92,"column":16},"skip":true},{"start":{"line":92,"column":16},"end":{"line":92,"column":16},"skip":true}]},"13":{"line":108,"type":"if","locations":[{"start":{"line":108,"column":12},"end":{"line":108,"column":12},"skip":true},{"start":{"line":108,"column":12},"end":{"line":108,"column":12},"skip":true}]},"14":{"line":108,"type":"binary-expr","locations":[{"start":{"line":108,"column":16},"end":{"line":108,"column":61},"skip":true},{"start":{"line":108,"column":66},"end":{"line":108,"column":72},"skip":true},{"start":{"line":108,"column":77},"end":{"line":108,"column":82},"skip":true},{"start":{"line":109,"column":20},"end":{"line":109,"column":39},"skip":true},{"start":{"line":110,"column":20},"end":{"line":110,"column":49},"skip":true},{"start":{"line":111,"column":20},"end":{"line":111,"column":58},"skip":true},{"start":{"line":112,"column":20},"end":{"line":112,"column":68},"skip":true}]},"15":{"line":129,"type":"if","locations":[{"start":{"line":129,"column":16},"end":{"line":129,"column":16},"skip":true},{"start":{"line":129,"column":16},"end":{"line":129,"column":16},"skip":true}]},"16":{"line":134,"type":"cond-expr","locations":[{"start":{"line":135,"column":26},"end":{"line":135,"column":29},"skip":true},{"start":{"line":136,"column":26},"end":{"line":136,"column":54},"skip":true}]},"17":{"line":164,"type":"binary-expr","locations":[{"start":{"line":164,"column":27},"end":{"line":164,"column":43},"skip":true},{"start":{"line":164,"column":47},"end":{"line":164,"column":49},"skip":true}]},"18":{"line":258,"type":"if","locations":[{"start":{"line":258,"column":8},"end":{"line":258,"column":8},"skip":true},{"start":{"line":258,"column":8},"end":{"line":258,"column":8},"skip":true}]},"19":{"line":275,"type":"switch","locations":[{"start":{"line":276,"column":20},"end":{"line":277,"column":64},"skip":true},{"start":{"line":278,"column":20},"end":{"line":279,"column":40},"skip":true},{"start":{"line":280,"column":20},"end":{"line":281,"column":40},"skip":true},{"start":{"line":282,"column":20},"end":{"line":283,"column":39},"skip":true}]},"20":{"line":288,"type":"if","locations":[{"start":{"line":288,"column":8},"end":{"line":288,"column":8},"skip":true},{"start":{"line":288,"column":8},"end":{"line":288,"column":8},"skip":true}]},"21":{"line":288,"type":"binary-expr","locations":[{"start":{"line":288,"column":12},"end":{"line":288,"column":40},"skip":true},{"start":{"line":288,"column":44},"end":{"line":288,"column":67},"skip":true}]},"22":{"line":292,"type":"binary-expr","locations":[{"start":{"line":292,"column":12},"end":{"line":292,"column":50},"skip":true},{"start":{"line":293,"column":12},"end":{"line":293,"column":53},"skip":true}]},"23":{"line":295,"type":"binary-expr","locations":[{"start":{"line":295,"column":12},"end":{"line":295,"column":66},"skip":true},{"start":{"line":296,"column":12},"end":{"line":301,"column":36},"skip":true}]},"24":{"line":302,"type":"binary-expr","locations":[{"start":{"line":302,"column":43},"end":{"line":302,"column":75},"skip":true},{"start":{"line":302,"column":79},"end":{"line":302,"column":81},"skip":true}]},"25":{"line":305,"type":"if","locations":[{"start":{"line":305,"column":8},"end":{"line":305,"column":8},"skip":true},{"start":{"line":305,"column":8},"end":{"line":305,"column":8},"skip":true}]},"26":{"line":309,"type":"if","locations":[{"start":{"line":309,"column":8},"end":{"line":309,"column":8},"skip":true},{"start":{"line":309,"column":8},"end":{"line":309,"column":8},"skip":true}]},"27":{"line":312,"type":"binary-expr","locations":[{"start":{"line":312,"column":27},"end":{"line":312,"column":43},"skip":true},{"start":{"line":312,"column":47},"end":{"line":312,"column":53},"skip":true}]},"28":{"line":316,"type":"if","locations":[{"start":{"line":316,"column":12},"end":{"line":316,"column":12},"skip":true},{"start":{"line":316,"column":12},"end":{"line":316,"column":12},"skip":true}]}},"code":["/*","example.js","","quickstart example","","instruction","    1. save this script as example.js","    2. run the shell command:","        $ npm install npmtest-mixpanel && PORT=8081 node example.js","    3. play with the browser-demo on http://127.0.0.1:8081","*/","","","","/* istanbul instrument in package npmtest_mixpanel */","/*jslint","    bitwise: true,","    browser: true,","    maxerr: 8,","    maxlen: 96,","    node: true,","    nomen: true,","    regexp: true,","    stupid: true","*/","(function () {","    'use strict';","    var local;","","","","    // run shared js-env code - pre-init","    (function () {","        // init local","        local = {};","        // init modeJs","        local.modeJs = (function () {","            try {","                return typeof navigator.userAgent === 'string' &&","                    typeof document.querySelector('body') === 'object' &&","                    typeof XMLHttpRequest.prototype.open === 'function' &&","                    'browser';","            } catch (errorCaughtBrowser) {","                return module.exports &&","                    typeof process.versions.node === 'string' &&","                    typeof require('http').createServer === 'function' &&","                    'node';","            }","        }());","        // init global","        local.global = local.modeJs === 'browser'","            ? window","            : global;","        // init utility2_rollup","        local = local.global.utility2_rollup || (local.modeJs === 'browser'","            ? local.global.utility2_npmtest_mixpanel","            : global.utility2_moduleExports);","        // export local","        local.global.local = local;","    }());","    switch (local.modeJs) {","","","","    // post-init","    // run browser js-env code - post-init","    /* istanbul ignore next */","    case 'browser':","        local.testRunBrowser = function (event) {","            if (!event || (event &&","                    event.currentTarget &&","                    event.currentTarget.className &&","                    event.currentTarget.className.includes &&","                    event.currentTarget.className.includes('onreset'))) {","                // reset output","                Array.from(","                    document.querySelectorAll('body > .resettable')","                ).forEach(function (element) {","                    switch (element.tagName) {","                    case 'INPUT':","                    case 'TEXTAREA':","                        element.value = '';","                        break;","                    default:","                        element.textContent = '';","                    }","                });","            }","            switch (event && event.currentTarget && event.currentTarget.id) {","            case 'testRunButton1':","                // show tests","                if (document.querySelector('#testReportDiv1').style.display === 'none') {","                    document.querySelector('#testReportDiv1').style.display = 'block';","                    document.querySelector('#testRunButton1').textContent =","                        'hide internal test';","                    local.modeTest = true;","                    local.testRunDefault(local);","                // hide tests","                } else {","                    document.querySelector('#testReportDiv1').style.display = 'none';","                    document.querySelector('#testRunButton1').textContent = 'run internal test';","                }","                break;","            // custom-case","            default:","                break;","            }","            if (document.querySelector('#inputTextareaEval1') && (!event || (event &&","                    event.currentTarget &&","                    event.currentTarget.className &&","                    event.currentTarget.className.includes &&","                    event.currentTarget.className.includes('oneval')))) {","                // try to eval input-code","                try {","                    /*jslint evil: true*/","                    eval(document.querySelector('#inputTextareaEval1').value);","                } catch (errorCaught) {","                    console.error(errorCaught);","                }","            }","        };","        // log stderr and stdout to #outputTextareaStdout1","        ['error', 'log'].forEach(function (key) {","            console[key + '_original'] = console[key];","            console[key] = function () {","                var element;","                console[key + '_original'].apply(console, arguments);","                element = document.querySelector('#outputTextareaStdout1');","                if (!element) {","                    return;","                }","                // append text to #outputTextareaStdout1","                element.value += Array.from(arguments).map(function (arg) {","                    return typeof arg === 'string'","                        ? arg","                        : JSON.stringify(arg, null, 4);","                }).join(' ') + '\\n';","                // scroll textarea to bottom","                element.scrollTop = element.scrollHeight;","            };","        });","        // init event-handling","        ['change', 'click', 'keyup'].forEach(function (event) {","            Array.from(document.querySelectorAll('.on' + event)).forEach(function (element) {","                element.addEventListener(event, local.testRunBrowser);","            });","        });","        // run tests","        local.testRunBrowser();","        break;","","","","    // run node js-env code - post-init","    /* istanbul ignore next */","    case 'node':","        // export local","        module.exports = local;","        // require modules","        local.fs = require('fs');","        local.http = require('http');","        local.url = require('url');","        // init assets","        local.assetsDict = local.assetsDict || {};","        /* jslint-ignore-begin */","        local.assetsDict['/assets.index.template.html'] = '\\","<!doctype html>\\n\\","<html lang=\"en\">\\n\\","<head>\\n\\","<meta charset=\"UTF-8\">\\n\\","<meta name=\"viewport\" content=\"width=device-width, initial-scale=1\">\\n\\","<title>{{env.npm_package_name}} (v{{env.npm_package_version}})</title>\\n\\","<style>\\n\\","/*csslint\\n\\","    box-sizing: false,\\n\\","    universal-selector: false\\n\\","*/\\n\\","* {\\n\\","    box-sizing: border-box;\\n\\","}\\n\\","body {\\n\\","    background: #dde;\\n\\","    font-family: Arial, Helvetica, sans-serif;\\n\\","    margin: 2rem;\\n\\","}\\n\\","body > * {\\n\\","    margin-bottom: 1rem;\\n\\","}\\n\\",".utility2FooterDiv {\\n\\","    margin-top: 20px;\\n\\","    text-align: center;\\n\\","}\\n\\","</style>\\n\\","<style>\\n\\","/*csslint\\n\\","*/\\n\\","textarea {\\n\\","    font-family: monospace;\\n\\","    height: 10rem;\\n\\","    width: 100%;\\n\\","}\\n\\","textarea[readonly] {\\n\\","    background: #ddd;\\n\\","}\\n\\","</style>\\n\\","</head>\\n\\","<body>\\n\\","<!-- utility2-comment\\n\\","<div id=\"ajaxProgressDiv1\" style=\"background: #d00; height: 2px; left: 0; margin: 0; padding: 0; position: fixed; top: 0; transition: background 0.5s, width 1.5s; width: 25%;\"></div>\\n\\","utility2-comment -->\\n\\","<h1>\\n\\","<!-- utility2-comment\\n\\","    <a\\n\\","        {{#if env.npm_package_homepage}}\\n\\","        href=\"{{env.npm_package_homepage}}\"\\n\\","        {{/if env.npm_package_homepage}}\\n\\","        target=\"_blank\"\\n\\","    >\\n\\","utility2-comment -->\\n\\","        {{env.npm_package_name}} (v{{env.npm_package_version}})\\n\\","<!-- utility2-comment\\n\\","    </a>\\n\\","utility2-comment -->\\n\\","</h1>\\n\\","<h3>{{env.npm_package_description}}</h3>\\n\\","<!-- utility2-comment\\n\\","<h4><a download href=\"assets.app.js\">download standalone app</a></h4>\\n\\","<button class=\"onclick onreset\" id=\"testRunButton1\">run internal test</button><br>\\n\\","<div id=\"testReportDiv1\" style=\"display: none;\"></div>\\n\\","utility2-comment -->\\n\\","\\n\\","\\n\\","\\n\\","<label>stderr and stdout</label>\\n\\","<textarea class=\"resettable\" id=\"outputTextareaStdout1\" readonly></textarea>\\n\\","<!-- utility2-comment\\n\\","{{#if isRollup}}\\n\\","<script src=\"assets.app.js\"></script>\\n\\","{{#unless isRollup}}\\n\\","utility2-comment -->\\n\\","<script src=\"assets.utility2.rollup.js\"></script>\\n\\","<script src=\"jsonp.utility2._stateInit?callback=window.utility2._stateInit\"></script>\\n\\","<script src=\"assets.npmtest_mixpanel.rollup.js\"></script>\\n\\","<script src=\"assets.example.js\"></script>\\n\\","<script src=\"assets.test.js\"></script>\\n\\","<!-- utility2-comment\\n\\","{{/if isRollup}}\\n\\","utility2-comment -->\\n\\","<div class=\"utility2FooterDiv\">\\n\\","    [ this app was created with\\n\\","    <a href=\"https://github.com/kaizhu256/node-utility2\" target=\"_blank\">utility2</a>\\n\\","    ]\\n\\","</div>\\n\\","</body>\\n\\","</html>\\n\\","';","        /* jslint-ignore-end */","        if (local.templateRender) {","            local.assetsDict['/'] = local.templateRender(","                local.assetsDict['/assets.index.template.html'],","                {","                    env: local.objectSetDefault(local.env, {","                        npm_package_description: 'the greatest app in the world!',","                        npm_package_name: 'my-app',","                        npm_package_nameAlias: 'my_app',","                        npm_package_version: '0.0.1'","                    })","                }","            );","        } else {","            local.assetsDict['/'] = local.assetsDict['/assets.index.template.html']","                .replace((/\\{\\{env\\.(\\w+?)\\}\\}/g), function (match0, match1) {","                    // jslint-hack","                    String(match0);","                    switch (match1) {","                    case 'npm_package_description':","                        return 'the greatest app in the world!';","                    case 'npm_package_name':","                        return 'my-app';","                    case 'npm_package_nameAlias':","                        return 'my_app';","                    case 'npm_package_version':","                        return '0.0.1';","                    }","                });","        }","        // run the cli","        if (local.global.utility2_rollup || module !== require.main) {","            break;","        }","        local.assetsDict['/assets.example.js'] =","            local.assetsDict['/assets.example.js'] ||","            local.fs.readFileSync(__filename, 'utf8');","        local.assetsDict['/assets.npmtest_mixpanel.rollup.js'] =","            local.assetsDict['/assets.npmtest_mixpanel.rollup.js'] ||","            local.fs.readFileSync(","                // buildCustomOrg-hack","                local.npmtest_mixpanel.__dirname +","                    '/lib.npmtest_mixpanel.js',","                'utf8'","            ).replace((/^#!/), '//');","        local.assetsDict['/favicon.ico'] = local.assetsDict['/favicon.ico'] || '';","        // if $npm_config_timeout_exit exists,","        // then exit this process after $npm_config_timeout_exit ms","        if (Number(process.env.npm_config_timeout_exit)) {","            setTimeout(process.exit, Number(process.env.npm_config_timeout_exit));","        }","        // start server","        if (local.global.utility2_serverHttp1) {","            break;","        }","        process.env.PORT = process.env.PORT || '8081';","        console.error('server starting on port ' + process.env.PORT);","        local.http.createServer(function (request, response) {","            request.urlParsed = local.url.parse(request.url);","            if (local.assetsDict[request.urlParsed.pathname] !== undefined) {","                response.end(local.assetsDict[request.urlParsed.pathname]);","                return;","            }","            response.statusCode = 404;","            response.end();","        }).listen(process.env.PORT);","        break;","    }","}());",""],"l":{"26":2,"28":2,"33":2,"35":2,"37":2,"38":2,"39":2,"44":1,"51":2,"55":2,"59":2,"61":2,"69":1,"70":2,"76":2,"79":2,"82":2,"83":2,"85":1,"89":2,"92":1,"93":1,"94":1,"96":1,"97":1,"100":1,"101":1,"103":1,"106":1,"108":2,"114":1,"116":1,"118":1,"123":1,"124":2,"125":2,"126":2,"127":2,"128":2,"129":2,"130":1,"133":2,"134":2,"139":2,"143":1,"144":3,"145":1,"149":1,"150":1,"158":1,"160":1,"161":1,"162":1,"164":1,"166":1,"258":1,"259":1,"271":1,"274":6,"275":6,"277":1,"279":2,"281":1,"283":2,"288":1,"289":1,"291":1,"294":1,"302":1,"305":1,"306":1,"309":1,"310":1,"312":1,"313":1,"314":1,"315":1,"316":1,"317":1,"318":1,"320":1,"321":1,"323":1}},"/home/travis/build/npmtest/node-npmtest-mixpanel/node_modules/mixpanel/lib/mixpanel-node.js":{"path":"/home/travis/build/npmtest/node-npmtest-mixpanel/node_modules/mixpanel/lib/mixpanel-node.js","s":{"1":1,"2":1,"3":1,"4":1,"5":0,"6":0,"7":1,"8":0,"9":0,"10":0,"11":0,"12":0,"13":0,"14":0,"15":0,"16":0,"17":0,"18":0,"19":0,"20":0,"21":0,"22":0,"23":0,"24":0,"25":0,"26":0,"27":0,"28":0,"29":0,"30":0,"31":0,"32":0,"33":0,"34":0,"35":0,"36":0,"37":0,"38":0,"39":0,"40":0,"41":0,"42":0,"43":0,"44":0,"45":0,"46":0,"47":0,"48":0,"49":0,"50":0,"51":0,"52":0,"53":0,"54":0,"55":0,"56":0,"57":0,"58":0,"59":0,"60":0,"61":0,"62":0,"63":0,"64":0,"65":0,"66":0,"67":0,"68":0,"69":0,"70":0,"71":0,"72":0,"73":0,"74":1,"75":0,"76":0,"77":0,"78":0,"79":0,"80":0,"81":0,"82":0,"83":1,"84":0,"85":0,"86":0,"87":0,"88":0,"89":0,"90":0,"91":0,"92":0,"93":0,"94":0,"95":0,"96":0,"97":0,"98":0,"99":0,"100":0,"101":0,"102":0,"103":0,"104":0,"105":0,"106":0,"107":0,"108":0,"109":0,"110":0,"111":0,"112":0,"113":0,"114":0,"115":0,"116":0,"117":0,"118":0,"119":0,"120":0,"121":0,"122":0,"123":0,"124":0,"125":0,"126":0,"127":0,"128":0,"129":0,"130":0,"131":0,"132":0,"133":0,"134":0,"135":0,"136":0,"137":0,"138":0,"139":0,"140":0,"141":0,"142":0,"143":0,"144":0,"145":0,"146":0,"147":0,"148":0,"149":0,"150":0,"151":0,"152":0,"153":0,"154":0,"155":0,"156":0,"157":0,"158":0,"159":0,"160":0,"161":0,"162":0,"163":0,"164":0,"165":0,"166":0,"167":0,"168":0,"169":0,"170":0,"171":0,"172":0,"173":0,"174":0,"175":0,"176":0,"177":0,"178":0,"179":0,"180":0,"181":0,"182":0,"183":0,"184":0,"185":0,"186":0,"187":0,"188":0,"189":0,"190":0,"191":0,"192":0,"193":0,"194":0,"195":0,"196":0,"197":0,"198":0,"199":0,"200":0,"201":0,"202":0,"203":0,"204":0,"205":0,"206":0,"207":0,"208":0,"209":0,"210":0,"211":0,"212":0,"213":0,"214":0,"215":0,"216":0,"217":0,"218":0,"219":0,"220":0,"221":0,"222":0,"223":0,"224":0,"225":0,"226":0,"227":0,"228":0,"229":0,"230":0,"231":0,"232":0,"233":0,"234":0,"235":0,"236":0,"237":0,"238":0,"239":0,"240":0,"241":0,"242":0,"243":0,"244":0,"245":0,"246":0,"247":0,"248":0,"249":0,"250":0,"251":0,"252":0,"253":0,"254":0,"255":0,"256":0,"257":0,"258":0,"259":0,"260":0,"261":0,"262":0,"263":0,"264":0,"265":0,"266":0,"267":0,"268":0,"269":0,"270":0,"271":0,"272":0,"273":0,"274":0,"275":0,"276":0,"277":0,"278":0,"279":0,"280":0,"281":0,"282":0,"283":0,"284":0,"285":0,"286":0,"287":0,"288":0,"289":0,"290":0,"291":0,"292":0,"293":0,"294":0,"295":0,"296":0,"297":0,"298":0,"299":0,"300":0,"301":0,"302":0,"303":0,"304":0,"305":0,"306":0,"307":0,"308":0,"309":0,"310":0,"311":0,"312":0,"313":0,"314":0,"315":0,"316":0,"317":0,"318":0,"319":0,"320":0,"321":1,"322":0,"323":0},"b":{"1":[0,0],"2":[0,0],"3":[0,0],"4":[0,0],"5":[0,0],"6":[0,0],"7":[0,0],"8":[0,0],"9":[0,0],"10":[0,0],"11":[0,0],"12":[0,0],"13":[0,0],"14":[0,0],"15":[0,0],"16":[0,0],"17":[0,0],"18":[0,0],"19":[0,0],"20":[0,0],"21":[0,0],"22":[0,0],"23":[0,0],"24":[0,0,0],"25":[0,0],"26":[0,0],"27":[0,0],"28":[0,0],"29":[0,0],"30":[0,0],"31":[0,0],"32":[0,0],"33":[0,0],"34":[0,0],"35":[0,0],"36":[0,0],"37":[0,0],"38":[0,0],"39":[0,0],"40":[0,0],"41":[0,0],"42":[0,0],"43":[0,0],"44":[0,0],"45":[0,0],"46":[0,0],"47":[0,0],"48":[0,0],"49":[0,0],"50":[0,0],"51":[0,0],"52":[0,0],"53":[0,0],"54":[0,0],"55":[0,0],"56":[0,0],"57":[0,0],"58":[0,0],"59":[0,0],"60":[0,0],"61":[0,0],"62":[0,0],"63":[0,0],"64":[0,0],"65":[0,0],"66":[0,0],"67":[0,0],"68":[0,0],"69":[0,0],"70":[0,0],"71":[0,0],"72":[0,0],"73":[0,0],"74":[0,0],"75":[0,0],"76":[0,0],"77":[0,0],"78":[0,0],"79":[0,0],"80":[0,0],"81":[0,0],"82":[0,0],"83":[0,0],"84":[0,0],"85":[0,0],"86":[0,0],"87":[0,0],"88":[0,0],"89":[0,0],"90":[0,0],"91":[0,0],"92":[0,0],"93":[0,0],"94":[0,0],"95":[0,0],"96":[0,0],"97":[0,0],"98":[0,0],"99":[0,0],"100":[0,0],"101":[0,0],"102":[0,0],"103":[0,0],"104":[0,0],"105":[0,0],"106":[0,0],"107":[0,0],"108":[0,0],"109":[0,0],"110":[0,0],"111":[0,0],"112":[0,0],"113":[0,0],"114":[0,0],"115":[0,0]},"f":{"1":0,"2":0,"3":0,"4":0,"5":0,"6":0,"7":0,"8":0,"9":0,"10":0,"11":0,"12":0,"13":0,"14":0,"15":0,"16":0,"17":0,"18":0,"19":0,"20":0,"21":0,"22":0,"23":0,"24":0,"25":0,"26":0,"27":0,"28":0,"29":0,"30":0,"31":0,"32":0,"33":0,"34":0,"35":0,"36":0,"37":0,"38":0,"39":0,"40":0,"41":0},"fnMap":{"1":{"name":"(anonymous_1)","line":24,"loc":{"start":{"line":24,"column":25},"end":{"line":24,"column":36}}},"2":{"name":"(anonymous_2)","line":29,"loc":{"start":{"line":29,"column":20},"end":{"line":29,"column":44}}},"3":{"name":"(anonymous_3)","line":61,"loc":{"start":{"line":61,"column":27},"end":{"line":61,"column":55}}},"4":{"name":"(anonymous_4)","line":62,"loc":{"start":{"line":62,"column":31},"end":{"line":62,"column":42}}},"5":{"name":"(anonymous_5)","line":115,"loc":{"start":{"line":115,"column":55},"end":{"line":115,"column":69}}},"6":{"name":"(anonymous_6)","line":117,"loc":{"start":{"line":117,"column":27},"end":{"line":117,"column":43}}},"7":{"name":"(anonymous_7)","line":121,"loc":{"start":{"line":121,"column":26},"end":{"line":121,"column":37}}},"8":{"name":"(anonymous_8)","line":142,"loc":{"start":{"line":142,"column":28},"end":{"line":142,"column":40}}},"9":{"name":"(anonymous_9)","line":162,"loc":{"start":{"line":162,"column":33},"end":{"line":162,"column":81}}},"10":{"name":"(anonymous_10)","line":183,"loc":{"start":{"line":183,"column":27},"end":{"line":183,"column":42}}},"11":{"name":"(anonymous_11)","line":196,"loc":{"start":{"line":196,"column":16},"end":{"line":196,"column":36}}},"12":{"name":"(anonymous_12)","line":217,"loc":{"start":{"line":217,"column":30},"end":{"line":217,"column":58}}},"13":{"name":"send_event_batch","line":233,"loc":{"start":{"line":233,"column":8},"end":{"line":233,"column":45}}},"14":{"name":"(anonymous_14)","line":235,"loc":{"start":{"line":235,"column":34},"end":{"line":235,"column":51}}},"15":{"name":"send_next_request_batch","line":255,"loc":{"start":{"line":255,"column":8},"end":{"line":255,"column":48}}},"16":{"name":"(anonymous_16)","line":257,"loc":{"start":{"line":257,"column":21},"end":{"line":257,"column":48}}},"17":{"name":"(anonymous_17)","line":291,"loc":{"start":{"line":291,"column":20},"end":{"line":291,"column":58}}},"18":{"name":"(anonymous_18)","line":316,"loc":{"start":{"line":316,"column":26},"end":{"line":316,"column":66}}},"19":{"name":"(anonymous_19)","line":352,"loc":{"start":{"line":352,"column":21},"end":{"line":352,"column":65}}},"20":{"name":"(anonymous_20)","line":405,"loc":{"start":{"line":405,"column":27},"end":{"line":405,"column":67}}},"21":{"name":"(anonymous_21)","line":432,"loc":{"start":{"line":432,"column":20},"end":{"line":432,"column":59}}},"22":{"name":"(anonymous_22)","line":454,"loc":{"start":{"line":454,"column":18},"end":{"line":454,"column":71}}},"23":{"name":"(anonymous_23)","line":492,"loc":{"start":{"line":492,"column":13},"end":{"line":492,"column":66}}},"24":{"name":"(anonymous_24)","line":514,"loc":{"start":{"line":514,"column":14},"end":{"line":514,"column":61}}},"25":{"name":"(anonymous_25)","line":567,"loc":{"start":{"line":567,"column":19},"end":{"line":567,"column":72}}},"26":{"name":"(anonymous_26)","line":577,"loc":{"start":{"line":577,"column":42},"end":{"line":577,"column":56}}},"27":{"name":"(anonymous_27)","line":639,"loc":{"start":{"line":639,"column":16},"end":{"line":639,"column":72}}},"28":{"name":"(anonymous_28)","line":649,"loc":{"start":{"line":649,"column":42},"end":{"line":649,"column":56}}},"29":{"name":"(anonymous_29)","line":689,"loc":{"start":{"line":689,"column":22},"end":{"line":689,"column":85}}},"30":{"name":"(anonymous_30)","line":691,"loc":{"start":{"line":691,"column":41},"end":{"line":691,"column":52}}},"31":{"name":"(anonymous_31)","line":695,"loc":{"start":{"line":695,"column":44},"end":{"line":695,"column":55}}},"32":{"name":"(anonymous_32)","line":698,"loc":{"start":{"line":698,"column":56},"end":{"line":698,"column":70}}},"33":{"name":"(anonymous_33)","line":748,"loc":{"start":{"line":748,"column":23},"end":{"line":748,"column":66}}},"34":{"name":"(anonymous_34)","line":775,"loc":{"start":{"line":775,"column":21},"end":{"line":775,"column":64}}},"35":{"name":"(anonymous_35)","line":804,"loc":{"start":{"line":804,"column":15},"end":{"line":804,"column":64}}},"36":{"name":"(anonymous_36)","line":814,"loc":{"start":{"line":814,"column":38},"end":{"line":814,"column":52}}},"37":{"name":"(anonymous_37)","line":817,"loc":{"start":{"line":817,"column":50},"end":{"line":817,"column":62}}},"38":{"name":"(anonymous_38)","line":869,"loc":{"start":{"line":869,"column":15},"end":{"line":869,"column":64}}},"39":{"name":"(anonymous_39)","line":905,"loc":{"start":{"line":905,"column":26},"end":{"line":905,"column":52}}},"40":{"name":"(anonymous_40)","line":931,"loc":{"start":{"line":931,"column":25},"end":{"line":931,"column":42}}},"41":{"name":"(anonymous_41)","line":956,"loc":{"start":{"line":956,"column":12},"end":{"line":956,"column":28}}}},"statementMap":{"1":{"start":{"line":10,"column":0},"end":{"line":15,"column":51}},"2":{"start":{"line":17,"column":0},"end":{"line":17,"column":45}},"3":{"start":{"line":19,"column":0},"end":{"line":22,"column":2}},"4":{"start":{"line":24,"column":0},"end":{"line":27,"column":1}},"5":{"start":{"line":25,"column":4},"end":{"line":25,"column":70}},"6":{"start":{"line":26,"column":4},"end":{"line":26,"column":61}},"7":{"start":{"line":29,"column":0},"end":{"line":952,"column":2}},"8":{"start":{"line":30,"column":4},"end":{"line":30,"column":21}},"9":{"start":{"line":31,"column":4},"end":{"line":31,"column":42}},"10":{"start":{"line":34,"column":4},"end":{"line":35,"column":43}},"11":{"start":{"line":37,"column":4},"end":{"line":39,"column":5}},"12":{"start":{"line":38,"column":8},"end":{"line":38,"column":85}},"13":{"start":{"line":42,"column":4},"end":{"line":48,"column":6}},"14":{"start":{"line":50,"column":4},"end":{"line":50,"column":26}},"15":{"start":{"line":61,"column":4},"end":{"line":153,"column":6}},"16":{"start":{"line":62,"column":8},"end":{"line":62,"column":45}},"17":{"start":{"line":64,"column":8},"end":{"line":79,"column":20}},"18":{"start":{"line":81,"column":8},"end":{"line":86,"column":9}},"19":{"start":{"line":82,"column":12},"end":{"line":85,"column":14}},"20":{"start":{"line":89,"column":8},"end":{"line":95,"column":9}},"21":{"start":{"line":90,"column":12},"end":{"line":90,"column":40}},"22":{"start":{"line":91,"column":12},"end":{"line":91,"column":90}},"23":{"start":{"line":92,"column":12},"end":{"line":92,"column":83}},"24":{"start":{"line":93,"column":15},"end":{"line":95,"column":9}},"25":{"start":{"line":94,"column":12},"end":{"line":94,"column":40}},"26":{"start":{"line":99,"column":8},"end":{"line":103,"column":9}},"27":{"start":{"line":100,"column":12},"end":{"line":100,"column":39}},"28":{"start":{"line":101,"column":15},"end":{"line":103,"column":9}},"29":{"start":{"line":102,"column":12},"end":{"line":102,"column":131}},"30":{"start":{"line":105,"column":8},"end":{"line":107,"column":9}},"31":{"start":{"line":106,"column":12},"end":{"line":106,"column":47}},"32":{"start":{"line":109,"column":8},"end":{"line":111,"column":9}},"33":{"start":{"line":110,"column":12},"end":{"line":110,"column":34}},"34":{"start":{"line":113,"column":8},"end":{"line":113,"column":84}},"35":{"start":{"line":115,"column":8},"end":{"line":140,"column":11}},"36":{"start":{"line":116,"column":12},"end":{"line":116,"column":26}},"37":{"start":{"line":117,"column":12},"end":{"line":119,"column":15}},"38":{"start":{"line":118,"column":16},"end":{"line":118,"column":30}},"39":{"start":{"line":121,"column":12},"end":{"line":139,"column":15}},"40":{"start":{"line":122,"column":16},"end":{"line":122,"column":22}},"41":{"start":{"line":123,"column":16},"end":{"line":136,"column":17}},"42":{"start":{"line":124,"column":20},"end":{"line":132,"column":21}},"43":{"start":{"line":125,"column":24},"end":{"line":125,"column":54}},"44":{"start":{"line":126,"column":24},"end":{"line":128,"column":25}},"45":{"start":{"line":127,"column":28},"end":{"line":127,"column":84}},"46":{"start":{"line":131,"column":24},"end":{"line":131,"column":80}},"47":{"start":{"line":135,"column":20},"end":{"line":135,"column":97}},"48":{"start":{"line":138,"column":16},"end":{"line":138,"column":28}},"49":{"start":{"line":142,"column":8},"end":{"line":147,"column":11}},"50":{"start":{"line":143,"column":12},"end":{"line":145,"column":13}},"51":{"start":{"line":144,"column":16},"end":{"line":144,"column":55}},"52":{"start":{"line":146,"column":12},"end":{"line":146,"column":24}},"53":{"start":{"line":149,"column":8},"end":{"line":151,"column":9}},"54":{"start":{"line":150,"column":12},"end":{"line":150,"column":35}},"55":{"start":{"line":152,"column":8},"end":{"line":152,"column":22}},"56":{"start":{"line":162,"column":4},"end":{"line":176,"column":6}},"57":{"start":{"line":163,"column":8},"end":{"line":163,"column":41}},"58":{"start":{"line":164,"column":8},"end":{"line":164,"column":35}},"59":{"start":{"line":166,"column":8},"end":{"line":169,"column":10}},"60":{"start":{"line":171,"column":8},"end":{"line":173,"column":9}},"61":{"start":{"line":172,"column":12},"end":{"line":172,"column":76}},"62":{"start":{"line":175,"column":8},"end":{"line":175,"column":90}},"63":{"start":{"line":183,"column":4},"end":{"line":188,"column":6}},"64":{"start":{"line":184,"column":8},"end":{"line":186,"column":9}},"65":{"start":{"line":185,"column":12},"end":{"line":185,"column":123}},"66":{"start":{"line":187,"column":8},"end":{"line":187,"column":79}},"67":{"start":{"line":196,"column":4},"end":{"line":205,"column":6}},"68":{"start":{"line":197,"column":8},"end":{"line":199,"column":31}},"69":{"start":{"line":201,"column":8},"end":{"line":203,"column":9}},"70":{"start":{"line":202,"column":12},"end":{"line":202,"column":49}},"71":{"start":{"line":204,"column":8},"end":{"line":204,"column":22}},"72":{"start":{"line":217,"column":4},"end":{"line":279,"column":6}},"73":{"start":{"line":218,"column":8},"end":{"line":226,"column":59}},"74":{"start":{"line":233,"column":8},"end":{"line":249,"column":9}},"75":{"start":{"line":234,"column":12},"end":{"line":248,"column":13}},"76":{"start":{"line":235,"column":16},"end":{"line":244,"column":19}},"77":{"start":{"line":236,"column":20},"end":{"line":236,"column":54}},"78":{"start":{"line":238,"column":20},"end":{"line":241,"column":21}},"79":{"start":{"line":240,"column":24},"end":{"line":240,"column":88}},"80":{"start":{"line":242,"column":20},"end":{"line":242,"column":85}},"81":{"start":{"line":243,"column":20},"end":{"line":243,"column":33}},"82":{"start":{"line":247,"column":16},"end":{"line":247,"column":94}},"83":{"start":{"line":255,"column":8},"end":{"line":267,"column":9}},"84":{"start":{"line":256,"column":12},"end":{"line":264,"column":18}},"85":{"start":{"line":258,"column":20},"end":{"line":258,"column":31}},"86":{"start":{"line":259,"column":20},"end":{"line":263,"column":21}},"87":{"start":{"line":260,"column":24},"end":{"line":260,"column":62}},"88":{"start":{"line":262,"column":24},"end":{"line":262,"column":55}},"89":{"start":{"line":266,"column":12},"end":{"line":266,"column":59}},"90":{"start":{"line":270,"column":8},"end":{"line":270,"column":35}},"91":{"start":{"line":272,"column":8},"end":{"line":278,"column":9}},"92":{"start":{"line":273,"column":12},"end":{"line":277,"column":14}},"93":{"start":{"line":291,"column":4},"end":{"line":306,"column":6}},"94":{"start":{"line":292,"column":8},"end":{"line":295,"column":9}},"95":{"start":{"line":293,"column":12},"end":{"line":293,"column":34}},"96":{"start":{"line":294,"column":12},"end":{"line":294,"column":28}},"97":{"start":{"line":298,"column":8},"end":{"line":303,"column":9}},"98":{"start":{"line":299,"column":12},"end":{"line":299,"column":64}},"99":{"start":{"line":300,"column":12},"end":{"line":302,"column":13}},"100":{"start":{"line":301,"column":16},"end":{"line":301,"column":111}},"101":{"start":{"line":305,"column":8},"end":{"line":305,"column":74}},"102":{"start":{"line":316,"column":4},"end":{"line":330,"column":6}},"103":{"start":{"line":317,"column":8},"end":{"line":317,"column":32}},"104":{"start":{"line":318,"column":8},"end":{"line":321,"column":9}},"105":{"start":{"line":319,"column":12},"end":{"line":319,"column":31}},"106":{"start":{"line":320,"column":12},"end":{"line":320,"column":25}},"107":{"start":{"line":322,"column":8},"end":{"line":327,"column":10}},"108":{"start":{"line":329,"column":8},"end":{"line":329,"column":53}},"109":{"start":{"line":352,"column":4},"end":{"line":361,"column":6}},"110":{"start":{"line":353,"column":8},"end":{"line":356,"column":9}},"111":{"start":{"line":354,"column":12},"end":{"line":354,"column":34}},"112":{"start":{"line":355,"column":12},"end":{"line":355,"column":28}},"113":{"start":{"line":358,"column":8},"end":{"line":358,"column":49}},"114":{"start":{"line":360,"column":8},"end":{"line":360,"column":75}},"115":{"start":{"line":405,"column":4},"end":{"line":419,"column":6}},"116":{"start":{"line":406,"column":8},"end":{"line":406,"column":26}},"117":{"start":{"line":408,"column":8},"end":{"line":411,"column":9}},"118":{"start":{"line":409,"column":12},"end":{"line":409,"column":31}},"119":{"start":{"line":410,"column":12},"end":{"line":410,"column":25}},"120":{"start":{"line":412,"column":8},"end":{"line":417,"column":10}},"121":{"start":{"line":418,"column":8},"end":{"line":418,"column":53}},"122":{"start":{"line":432,"column":4},"end":{"line":439,"column":6}},"123":{"start":{"line":433,"column":8},"end":{"line":436,"column":10}},"124":{"start":{"line":438,"column":8},"end":{"line":438,"column":61}},"125":{"start":{"line":441,"column":4},"end":{"line":903,"column":6}},"126":{"start":{"line":455,"column":12},"end":{"line":455,"column":26}},"127":{"start":{"line":457,"column":12},"end":{"line":470,"column":13}},"128":{"start":{"line":458,"column":16},"end":{"line":463,"column":17}},"129":{"start":{"line":459,"column":20},"end":{"line":459,"column":41}},"130":{"start":{"line":460,"column":20},"end":{"line":460,"column":35}},"131":{"start":{"line":462,"column":20},"end":{"line":462,"column":34}},"132":{"start":{"line":464,"column":16},"end":{"line":464,"column":28}},"133":{"start":{"line":466,"column":16},"end":{"line":466,"column":32}},"134":{"start":{"line":467,"column":16},"end":{"line":469,"column":17}},"135":{"start":{"line":468,"column":20},"end":{"line":468,"column":41}},"136":{"start":{"line":472,"column":12},"end":{"line":472,"column":40}},"137":{"start":{"line":473,"column":12},"end":{"line":473,"column":38}},"138":{"start":{"line":475,"column":12},"end":{"line":475,"column":62}},"139":{"start":{"line":493,"column":12},"end":{"line":493,"column":26}},"140":{"start":{"line":495,"column":12},"end":{"line":508,"column":13}},"141":{"start":{"line":496,"column":16},"end":{"line":501,"column":17}},"142":{"start":{"line":497,"column":20},"end":{"line":497,"column":41}},"143":{"start":{"line":498,"column":20},"end":{"line":498,"column":35}},"144":{"start":{"line":500,"column":20},"end":{"line":500,"column":34}},"145":{"start":{"line":502,"column":16},"end":{"line":502,"column":28}},"146":{"start":{"line":504,"column":16},"end":{"line":504,"column":32}},"147":{"start":{"line":505,"column":16},"end":{"line":507,"column":17}},"148":{"start":{"line":506,"column":20},"end":{"line":506,"column":41}},"149":{"start":{"line":510,"column":12},"end":{"line":510,"column":62}},"150":{"start":{"line":515,"column":12},"end":{"line":515,"column":36}},"151":{"start":{"line":516,"column":12},"end":{"line":516,"column":79}},"152":{"start":{"line":518,"column":12},"end":{"line":521,"column":14}},"153":{"start":{"line":522,"column":12},"end":{"line":522,"column":33}},"154":{"start":{"line":524,"column":12},"end":{"line":527,"column":13}},"155":{"start":{"line":525,"column":16},"end":{"line":525,"column":35}},"156":{"start":{"line":526,"column":16},"end":{"line":526,"column":31}},"157":{"start":{"line":529,"column":12},"end":{"line":532,"column":13}},"158":{"start":{"line":530,"column":16},"end":{"line":530,"column":54}},"159":{"start":{"line":531,"column":16},"end":{"line":531,"column":41}},"160":{"start":{"line":534,"column":12},"end":{"line":534,"column":50}},"161":{"start":{"line":536,"column":12},"end":{"line":539,"column":13}},"162":{"start":{"line":537,"column":16},"end":{"line":537,"column":80}},"163":{"start":{"line":538,"column":16},"end":{"line":538,"column":34}},"164":{"start":{"line":541,"column":12},"end":{"line":541,"column":95}},"165":{"start":{"line":568,"column":12},"end":{"line":568,"column":26}},"166":{"start":{"line":570,"column":12},"end":{"line":605,"column":13}},"167":{"start":{"line":571,"column":16},"end":{"line":576,"column":17}},"168":{"start":{"line":572,"column":20},"end":{"line":572,"column":41}},"169":{"start":{"line":573,"column":20},"end":{"line":573,"column":35}},"170":{"start":{"line":575,"column":20},"end":{"line":575,"column":34}},"171":{"start":{"line":577,"column":16},"end":{"line":589,"column":19}},"172":{"start":{"line":578,"column":20},"end":{"line":578,"column":40}},"173":{"start":{"line":580,"column":20},"end":{"line":588,"column":21}},"174":{"start":{"line":581,"column":24},"end":{"line":584,"column":25}},"175":{"start":{"line":582,"column":28},"end":{"line":582,"column":124}},"176":{"start":{"line":583,"column":28},"end":{"line":583,"column":71}},"177":{"start":{"line":585,"column":24},"end":{"line":585,"column":31}},"178":{"start":{"line":587,"column":24},"end":{"line":587,"column":40}},"179":{"start":{"line":591,"column":16},"end":{"line":604,"column":17}},"180":{"start":{"line":592,"column":20},"end":{"line":592,"column":33}},"181":{"start":{"line":593,"column":20},"end":{"line":593,"column":36}},"182":{"start":{"line":594,"column":20},"end":{"line":596,"column":21}},"183":{"start":{"line":595,"column":24},"end":{"line":595,"column":45}},"184":{"start":{"line":597,"column":23},"end":{"line":604,"column":17}},"185":{"start":{"line":598,"column":20},"end":{"line":598,"column":34}},"186":{"start":{"line":599,"column":20},"end":{"line":599,"column":35}},"187":{"start":{"line":601,"column":20},"end":{"line":601,"column":41}},"188":{"start":{"line":602,"column":20},"end":{"line":602,"column":68}},"189":{"start":{"line":603,"column":20},"end":{"line":603,"column":35}},"190":{"start":{"line":607,"column":12},"end":{"line":611,"column":14}},"191":{"start":{"line":613,"column":12},"end":{"line":613,"column":52}},"192":{"start":{"line":615,"column":12},"end":{"line":618,"column":13}},"193":{"start":{"line":616,"column":16},"end":{"line":616,"column":80}},"194":{"start":{"line":617,"column":16},"end":{"line":617,"column":34}},"195":{"start":{"line":620,"column":12},"end":{"line":620,"column":95}},"196":{"start":{"line":640,"column":12},"end":{"line":640,"column":29}},"197":{"start":{"line":642,"column":12},"end":{"line":657,"column":13}},"198":{"start":{"line":643,"column":16},"end":{"line":648,"column":17}},"199":{"start":{"line":644,"column":20},"end":{"line":644,"column":41}},"200":{"start":{"line":645,"column":20},"end":{"line":645,"column":38}},"201":{"start":{"line":647,"column":20},"end":{"line":647,"column":37}},"202":{"start":{"line":649,"column":16},"end":{"line":651,"column":19}},"203":{"start":{"line":650,"column":20},"end":{"line":650,"column":45}},"204":{"start":{"line":653,"column":16},"end":{"line":653,"column":38}},"205":{"start":{"line":654,"column":16},"end":{"line":656,"column":17}},"206":{"start":{"line":655,"column":20},"end":{"line":655,"column":41}},"207":{"start":{"line":659,"column":12},"end":{"line":663,"column":14}},"208":{"start":{"line":665,"column":12},"end":{"line":665,"column":52}},"209":{"start":{"line":667,"column":12},"end":{"line":670,"column":13}},"210":{"start":{"line":668,"column":16},"end":{"line":668,"column":80}},"211":{"start":{"line":669,"column":16},"end":{"line":669,"column":34}},"212":{"start":{"line":672,"column":12},"end":{"line":672,"column":95}},"213":{"start":{"line":690,"column":12},"end":{"line":704,"column":13}},"214":{"start":{"line":691,"column":16},"end":{"line":691,"column":55}},"215":{"start":{"line":692,"column":16},"end":{"line":692,"column":32}},"216":{"start":{"line":694,"column":16},"end":{"line":703,"column":17}},"217":{"start":{"line":695,"column":20},"end":{"line":695,"column":58}},"218":{"start":{"line":696,"column":20},"end":{"line":702,"column":21}},"219":{"start":{"line":697,"column":24},"end":{"line":697,"column":39}},"220":{"start":{"line":698,"column":24},"end":{"line":701,"column":27}},"221":{"start":{"line":699,"column":28},"end":{"line":699,"column":61}},"222":{"start":{"line":700,"column":28},"end":{"line":700,"column":51}},"223":{"start":{"line":706,"column":12},"end":{"line":712,"column":13}},"224":{"start":{"line":707,"column":16},"end":{"line":707,"column":44}},"225":{"start":{"line":708,"column":16},"end":{"line":711,"column":17}},"226":{"start":{"line":709,"column":20},"end":{"line":709,"column":109}},"227":{"start":{"line":710,"column":20},"end":{"line":710,"column":27}},"228":{"start":{"line":714,"column":12},"end":{"line":714,"column":40}},"229":{"start":{"line":716,"column":12},"end":{"line":721,"column":13}},"230":{"start":{"line":717,"column":16},"end":{"line":717,"column":44}},"231":{"start":{"line":718,"column":16},"end":{"line":720,"column":17}},"232":{"start":{"line":719,"column":20},"end":{"line":719,"column":58}},"233":{"start":{"line":723,"column":12},"end":{"line":727,"column":14}},"234":{"start":{"line":729,"column":12},"end":{"line":729,"column":52}},"235":{"start":{"line":731,"column":12},"end":{"line":734,"column":13}},"236":{"start":{"line":732,"column":16},"end":{"line":732,"column":80}},"237":{"start":{"line":733,"column":16},"end":{"line":733,"column":34}},"238":{"start":{"line":736,"column":12},"end":{"line":736,"column":95}},"239":{"start":{"line":749,"column":12},"end":{"line":753,"column":14}},"240":{"start":{"line":755,"column":12},"end":{"line":755,"column":75}},"241":{"start":{"line":755,"column":52},"end":{"line":755,"column":73}},"242":{"start":{"line":757,"column":12},"end":{"line":757,"column":52}},"243":{"start":{"line":759,"column":12},"end":{"line":761,"column":13}},"244":{"start":{"line":760,"column":16},"end":{"line":760,"column":74}},"245":{"start":{"line":763,"column":12},"end":{"line":763,"column":95}},"246":{"start":{"line":776,"column":12},"end":{"line":780,"column":14}},"247":{"start":{"line":782,"column":12},"end":{"line":782,"column":75}},"248":{"start":{"line":782,"column":52},"end":{"line":782,"column":73}},"249":{"start":{"line":784,"column":12},"end":{"line":784,"column":52}},"250":{"start":{"line":786,"column":12},"end":{"line":788,"column":13}},"251":{"start":{"line":787,"column":16},"end":{"line":787,"column":75}},"252":{"start":{"line":790,"column":12},"end":{"line":790,"column":95}},"253":{"start":{"line":805,"column":12},"end":{"line":805,"column":28}},"254":{"start":{"line":807,"column":12},"end":{"line":812,"column":13}},"255":{"start":{"line":808,"column":16},"end":{"line":810,"column":17}},"256":{"start":{"line":809,"column":20},"end":{"line":809,"column":126}},"257":{"start":{"line":811,"column":16},"end":{"line":811,"column":23}},"258":{"start":{"line":814,"column":12},"end":{"line":832,"column":15}},"259":{"start":{"line":815,"column":16},"end":{"line":815,"column":36}},"260":{"start":{"line":816,"column":16},"end":{"line":831,"column":17}},"261":{"start":{"line":817,"column":20},"end":{"line":819,"column":23}},"262":{"start":{"line":818,"column":24},"end":{"line":818,"column":80}},"263":{"start":{"line":820,"column":20},"end":{"line":822,"column":21}},"264":{"start":{"line":821,"column":24},"end":{"line":821,"column":51}},"265":{"start":{"line":823,"column":23},"end":{"line":831,"column":17}},"266":{"start":{"line":824,"column":20},"end":{"line":824,"column":40}},"267":{"start":{"line":826,"column":20},"end":{"line":829,"column":21}},"268":{"start":{"line":827,"column":24},"end":{"line":827,"column":131}},"269":{"start":{"line":828,"column":24},"end":{"line":828,"column":66}},"270":{"start":{"line":830,"column":20},"end":{"line":830,"column":27}},"271":{"start":{"line":834,"column":12},"end":{"line":836,"column":13}},"272":{"start":{"line":835,"column":16},"end":{"line":835,"column":23}},"273":{"start":{"line":838,"column":12},"end":{"line":842,"column":14}},"274":{"start":{"line":844,"column":12},"end":{"line":846,"column":13}},"275":{"start":{"line":845,"column":16},"end":{"line":845,"column":37}},"276":{"start":{"line":848,"column":12},"end":{"line":848,"column":52}},"277":{"start":{"line":850,"column":12},"end":{"line":853,"column":13}},"278":{"start":{"line":851,"column":16},"end":{"line":851,"column":80}},"279":{"start":{"line":852,"column":16},"end":{"line":852,"column":34}},"280":{"start":{"line":855,"column":12},"end":{"line":855,"column":95}},"281":{"start":{"line":870,"column":12},"end":{"line":870,"column":28}},"282":{"start":{"line":872,"column":12},"end":{"line":882,"column":13}},"283":{"start":{"line":873,"column":16},"end":{"line":873,"column":30}},"284":{"start":{"line":874,"column":19},"end":{"line":882,"column":13}},"285":{"start":{"line":875,"column":16},"end":{"line":875,"column":32}},"286":{"start":{"line":877,"column":16},"end":{"line":880,"column":17}},"287":{"start":{"line":878,"column":20},"end":{"line":878,"column":114}},"288":{"start":{"line":879,"column":20},"end":{"line":879,"column":53}},"289":{"start":{"line":881,"column":16},"end":{"line":881,"column":23}},"290":{"start":{"line":884,"column":12},"end":{"line":888,"column":14}},"291":{"start":{"line":890,"column":12},"end":{"line":892,"column":13}},"292":{"start":{"line":891,"column":16},"end":{"line":891,"column":37}},"293":{"start":{"line":894,"column":12},"end":{"line":894,"column":52}},"294":{"start":{"line":896,"column":12},"end":{"line":899,"column":13}},"295":{"start":{"line":897,"column":16},"end":{"line":897,"column":80}},"296":{"start":{"line":898,"column":16},"end":{"line":898,"column":34}},"297":{"start":{"line":901,"column":12},"end":{"line":901,"column":95}},"298":{"start":{"line":905,"column":4},"end":{"line":921,"column":6}},"299":{"start":{"line":906,"column":8},"end":{"line":919,"column":9}},"300":{"start":{"line":907,"column":12},"end":{"line":909,"column":13}},"301":{"start":{"line":908,"column":16},"end":{"line":908,"column":61}},"302":{"start":{"line":910,"column":12},"end":{"line":912,"column":13}},"303":{"start":{"line":911,"column":16},"end":{"line":911,"column":59}},"304":{"start":{"line":913,"column":12},"end":{"line":915,"column":13}},"305":{"start":{"line":914,"column":16},"end":{"line":914,"column":41}},"306":{"start":{"line":916,"column":12},"end":{"line":918,"column":13}},"307":{"start":{"line":917,"column":16},"end":{"line":917,"column":63}},"308":{"start":{"line":920,"column":8},"end":{"line":920,"column":20}},"309"
[...]
'bob', {","                    counter1: 1,","                    counter2: 3,","                    counter3: -2","                });","        */","        increment: function(distinct_id, prop, by, modifiers, callback) {","            var $add = {};","","            if (typeof(prop) === 'object') {","                if (typeof(by) === 'object') {","                    callback = modifiers;","                    modifiers = by;","                } else {","                    callback = by;","                }","                Object.keys(prop).forEach(function(key) {","                    var val = prop[key];","","                    if (isNaN(parseFloat(val))) {","                        if (metrics.config.debug) {","                            console.error(\"Invalid increment value passed to mixpanel.people.increment - must be a number\");","                            console.error(\"Passed \" + key + \":\" + val);","                        }","                        return;","                    } else {","                        $add[key] = val;","                    }","                });","            } else {","                if (typeof(by) === 'number' || !by) {","                    by = by || 1;","                    $add[prop] = by;","                    if (typeof(modifiers) === 'function') {","                        callback = modifiers;","                    }","                } else if (typeof(by) === 'function') {","                    callback = by;","                    $add[prop] = 1;","                } else {","                    callback = modifiers;","                    modifiers = (typeof(by) === 'object') ? by : {};","                    $add[prop] = 1;","                }","            }","","            var data = {","                '$add': $add,","                '$token': metrics.token,","                '$distinct_id': distinct_id","            };","","            data = merge_modifiers(data, modifiers);","","            if (metrics.config.debug) {","                console.log(\"Sending the following data to Mixpanel (Engage):\");","                console.log(data);","            }","","            metrics.send_request({ method: \"GET\", endpoint: \"/engage\", data: data }, callback);","        },","","        /**","            people.append(distinct_id, prop, value, modifiers, callback)","            ---","            Append a value to a list-valued people analytics property.","","            usage:","","                // append a value to a list, creating it if needed","                mixpanel.people.append('pages_visited', 'homepage');","","                // like mixpanel.people.set(), you can append multiple properties at once:","                mixpanel.people.append({","                    list1: 'bob',","                    list2: 123","                });","        */","        append: function(distinct_id, prop, value, modifiers, callback) {","            var $append = {};","","            if (typeof(prop) === 'object') {","                if (typeof(value) === 'object') {","                    callback = modifiers;","                    modifiers = value;","                } else {","                    callback = value;","                }","                Object.keys(prop).forEach(function(key) {","                    $append[key] = prop[key];","                });","            } else {","                $append[prop] = value;","                if (typeof(modifiers) === 'function') {","                    callback = modifiers;","                }","            }","","            var data = {","                '$append': $append,","                '$token': metrics.token,","                '$distinct_id': distinct_id","            };","","            data = merge_modifiers(data, modifiers);","","            if (metrics.config.debug) {","                console.log(\"Sending the following data to Mixpanel (Engage):\");","                console.log(data);","            }","","            metrics.send_request({ method: \"GET\", endpoint: \"/engage\", data: data }, callback);","        },","","        /**","            people.track_charge(distinct_id, amount, properties, modifiers, callback)","            ---","            Record that you have charged the current user a certain","            amount of money.","","            usage:","","                // charge a user $29.99","                mixpanel.people.track_charge('bob', 29.99);","","                // charge a user $19 on the 1st of february","                mixpanel.people.track_charge('bob', 19, { '$time': new Date('feb 1 2012') });","        */","        track_charge: function(distinct_id, amount, properties, modifiers, callback) {","            if (typeof(properties) === 'function' || !properties) {","                callback = properties || function() {};","                properties = {};","            } else {","                if (typeof(modifiers) === 'function' || !modifiers) {","                    callback = modifiers || function() {};","                    if (properties.$ignore_time || properties.hasOwnProperty(\"$ip\")) {","                        modifiers = {};","                        Object.keys(properties).forEach(function(key) {","                            modifiers[key] = properties[key];","                            delete properties[key];","                        });","                    }","                }","            }","","            if (typeof(amount) !== 'number') {","                amount = parseFloat(amount);","                if (isNaN(amount)) {","                    console.error(\"Invalid value passed to mixpanel.people.track_charge - must be a number\");","                    return;","                }","            }","","            properties.$amount = amount;","","            if (properties.hasOwnProperty('$time')) {","                var time = properties.$time;","                if (Object.prototype.toString.call(time) === '[object Date]') {","                    properties.$time = time.toISOString();","                }","            }","","            var data = {","                '$append': { '$transactions': properties },","                '$token': metrics.token,","                '$distinct_id': distinct_id","            };","","            data = merge_modifiers(data, modifiers);","","            if (metrics.config.debug) {","                console.log(\"Sending the following data to Mixpanel (Engage):\");","                console.log(data);","            }","","            metrics.send_request({ method: \"GET\", endpoint: \"/engage\", data: data }, callback);","        },","","        /**","            people.clear_charges(distinct_id, modifiers, callback)","            ---","            Clear all the current user's transactions.","","            usage:","","                mixpanel.people.clear_charges('bob');","        */","        clear_charges: function(distinct_id, modifiers, callback) {","            var data = {","                '$set': { '$transactions': [] },","                '$token': metrics.token,","                '$distinct_id': distinct_id","            };","","            if (typeof(modifiers) === 'function') { callback = modifiers; }","","            data = merge_modifiers(data, modifiers);","","            if (metrics.config.debug) {","                console.log(\"Clearing this user's charges:\", distinct_id);","            }","","            metrics.send_request({ method: \"GET\", endpoint: \"/engage\", data: data }, callback);","        },","","        /**","            people.delete_user(distinct_id, modifiers, callback)","            ---","            delete an user record in engage","","            usage:","","                mixpanel.people.delete_user('bob');","        */","        delete_user: function(distinct_id, modifiers, callback) {","            var data = {","                '$delete': '',","                '$token': metrics.token,","                '$distinct_id': distinct_id","            };","","            if (typeof(modifiers) === 'function') { callback = modifiers; }","","            data = merge_modifiers(data, modifiers);","","            if (metrics.config.debug) {","                console.log(\"Deleting the user from engage:\", distinct_id);","            }","","            metrics.send_request({ method: \"GET\", endpoint: \"/engage\", data: data }, callback);","        },","","        /**","         people.union(distinct_id, data, modifiers, callback)","         ---","         merge value(s) into a list-valued people analytics property.","","         usage:","","            mixpanel.people.union('bob', {'browsers': 'firefox'});","","            mixpanel.people.union('bob', {'browsers', ['chrome'], os: ['linux']});","         */","        union: function(distinct_id, data, modifiers, callback) {","            var $union = {};","","            if (typeof(data) !== 'object' || util.isArray(data)) {","                if (metrics.config.debug) {","                    console.error(\"Invalid value passed to mixpanel.people.union - data must be an object with array values\");","                }","                return;","            }","","            Object.keys(data).forEach(function(key) {","                var val = data[key];","                if (util.isArray(val)) {","                    var merge_values = val.filter(function(v) {","                        return typeof(v) === 'string' || typeof(v) === 'number';","                    });","                    if (merge_values.length > 0) {","                        $union[key] = merge_values;","                    }","                } else if (typeof(val) === 'string' || typeof(val) === 'number') {","                    $union[key] = [val];","                } else {","                    if (metrics.config.debug) {","                        console.error(\"Invalid argument passed to mixpanel.people.union - values must be a scalar value or array\");","                        console.error(\"Passed \" + key + ':', val);","                    }","                    return;","                }","            });","","            if (Object.keys($union).length === 0) {","                return;","            }","","            data = {","                '$union': $union,","                '$token': metrics.token,","                '$distinct_id': distinct_id","            };","","            if (typeof(modifiers) === 'function') {","                callback = modifiers;","            }","","            data = merge_modifiers(data, modifiers);","","            if (metrics.config.debug) {","                console.log(\"Sending the following data to Mixpanel (Engage):\");","                console.log(data);","            }","","            metrics.send_request({ method: \"GET\", endpoint: \"/engage\", data: data }, callback);","        },","","        /**","         people.unset(distinct_id, prop, modifiers, callback)","         ---","         delete a property on an user record in engage","","         usage:","","            mixpanel.people.unset('bob', 'page_views');","","            mixpanel.people.unset('bob', ['page_views', 'last_login']);","         */","        unset: function(distinct_id, prop, modifiers, callback) {","            var $unset = [];","","            if (util.isArray(prop)) {","                $unset = prop;","            } else if (typeof(prop) === 'string') {","                $unset = [prop];","            } else {","                if (metrics.config.debug) {","                    console.error(\"Invalid argument passed to mixpanel.people.unset - must be a string or array\");","                    console.error(\"Passed: \" + prop);","                }","                return;","            }","","            var data = {","                '$unset': $unset,","                '$token': metrics.token,","                '$distinct_id': distinct_id","            };","","            if (typeof(modifiers) === 'function') {","                callback = modifiers;","            }","","            data = merge_modifiers(data, modifiers);","","            if (metrics.config.debug) {","                console.log(\"Sending the following data to Mixpanel (Engage):\");","                console.log(data);","            }","","            metrics.send_request({ method: \"GET\", endpoint: \"/engage\", data: data }, callback);","        }","    };","","    var merge_modifiers = function(data, modifiers) {","        if (modifiers) {","            if (modifiers.$ignore_alias) {","                data.$ignore_alias = modifiers.$ignore_alias;","            }","            if (modifiers.$ignore_time) {","                data.$ignore_time = modifiers.$ignore_time;","            }","            if (modifiers.hasOwnProperty(\"$ip\")) {","                data.$ip = modifiers.$ip;","            }","            if (modifiers.hasOwnProperty(\"$time\")) {","                data.$time = ensure_timestamp(modifiers.$time);","            }","        }","        return data;","    };","","    /**","        set_config(config)","        ---","        Modifies the mixpanel config","","        config:object       an object with properties to override in the","                            mixpanel client config","    */","    metrics.set_config = function(config) {","        for (var c in config) {","            if (config.hasOwnProperty(c)) {","                if (c == \"host\") { // Split host, into host and port.","                    metrics.config.host = config[c].split(':')[0];","                    var port = config[c].split(':')[1];","                    if (port) {","                        metrics.config.port = Number(port);","                    }","                } else {","                    metrics.config[c] = config[c];","                }","            }","        }","    };","","    if (config) {","        metrics.set_config(config);","    }","","    return metrics;","};","","// module exporting","module.exports = {","    Client: function(token) {","        console.warn(\"The function `Client(token)` is deprecated.  It is now called `init(token)`.\");","        return create_client(token);","    },","    init: create_client","};",""],"l":{"10":1,"17":1,"19":1,"24":1,"25":0,"26":0,"29":1,"30":0,"31":0,"34":0,"37":0,"38":0,"42":0,"50":0,"61":0,"62":0,"64":0,"81":0,"82":0,"89":0,"90":0,"91":0,"92":0,"93":0,"94":0,"99":0,"100":0,"101":0,"102":0,"105":0,"106":0,"109":0,"110":0,"113":0,"115":0,"116":0,"117":0,"118":0,"121":0,"122":0,"123":0,"124":0,"125":0,"126":0,"127":0,"131":0,"135":0,"138":0,"142":0,"143":0,"144":0,"146":0,"149":0,"150":0,"152":0,"162":0,"163":0,"164":0,"166":0,"171":0,"172":0,"175":0,"183":0,"184":0,"185":0,"187":0,"196":0,"197":0,"201":0,"202":0,"204":0,"217":0,"218":0,"233":1,"234":0,"235":0,"236":0,"238":0,"240":0,"242":0,"243":0,"247":0,"255":1,"256":0,"258":0,"259":0,"260":0,"262":0,"266":0,"270":0,"272":0,"273":0,"291":0,"292":0,"293":0,"294":0,"298":0,"299":0,"300":0,"301":0,"305":0,"316":0,"317":0,"318":0,"319":0,"320":0,"322":0,"329":0,"352":0,"353":0,"354":0,"355":0,"358":0,"360":0,"405":0,"406":0,"408":0,"409":0,"410":0,"412":0,"418":0,"432":0,"433":0,"438":0,"441":0,"455":0,"457":0,"458":0,"459":0,"460":0,"462":0,"464":0,"466":0,"467":0,"468":0,"472":0,"473":0,"475":0,"493":0,"495":0,"496":0,"497":0,"498":0,"500":0,"502":0,"504":0,"505":0,"506":0,"510":0,"515":0,"516":0,"518":0,"522":0,"524":0,"525":0,"526":0,"529":0,"530":0,"531":0,"534":0,"536":0,"537":0,"538":0,"541":0,"568":0,"570":0,"571":0,"572":0,"573":0,"575":0,"577":0,"578":0,"580":0,"581":0,"582":0,"583":0,"585":0,"587":0,"591":0,"592":0,"593":0,"594":0,"595":0,"597":0,"598":0,"599":0,"601":0,"602":0,"603":0,"607":0,"613":0,"615":0,"616":0,"617":0,"620":0,"640":0,"642":0,"643":0,"644":0,"645":0,"647":0,"649":0,"650":0,"653":0,"654":0,"655":0,"659":0,"665":0,"667":0,"668":0,"669":0,"672":0,"690":0,"691":0,"692":0,"694":0,"695":0,"696":0,"697":0,"698":0,"699":0,"700":0,"706":0,"707":0,"708":0,"709":0,"710":0,"714":0,"716":0,"717":0,"718":0,"719":0,"723":0,"729":0,"731":0,"732":0,"733":0,"736":0,"749":0,"755":0,"757":0,"759":0,"760":0,"763":0,"776":0,"782":0,"784":0,"786":0,"787":0,"790":0,"805":0,"807":0,"808":0,"809":0,"811":0,"814":0,"815":0,"816":0,"817":0,"818":0,"820":0,"821":0,"823":0,"824":0,"826":0,"827":0,"828":0,"830":0,"834":0,"835":0,"838":0,"844":0,"845":0,"848":0,"850":0,"851":0,"852":0,"855":0,"870":0,"872":0,"873":0,"874":0,"875":0,"877":0,"878":0,"879":0,"881":0,"884":0,"890":0,"891":0,"894":0,"896":0,"897":0,"898":0,"901":0,"905":0,"906":0,"907":0,"908":0,"910":0,"911":0,"913":0,"914":0,"916":0,"917":0,"920":0,"931":0,"932":0,"933":0,"934":0,"935":0,"936":0,"937":0,"938":0,"941":0,"947":0,"948":0,"951":0,"955":1,"957":0,"958":0}},"/home/travis/build/npmtest/node-npmtest-mixpanel/node_modules/mixpanel/lib/utils.js":{"path":"/home/travis/build/npmtest/node-npmtest-mixpanel/node_modules/mixpanel/lib/utils.js","s":{"1":1,"2":0,"3":0,"4":0,"5":0,"6":0,"7":0,"8":0,"9":0,"10":0,"11":0,"12":0},"b":{"1":[0,0],"2":[0,0],"3":[0,0],"4":[0,0]},"f":{"1":0,"2":0},"fnMap":{"1":{"name":"(anonymous_1)","line":8,"loc":{"start":{"line":8,"column":20},"end":{"line":8,"column":58}}},"2":{"name":"(anonymous_2)","line":12,"loc":{"start":{"line":12,"column":15},"end":{"line":12,"column":38}}}},"statementMap":{"1":{"start":{"line":8,"column":0},"end":{"line":31,"column":2}},"2":{"start":{"line":9,"column":4},"end":{"line":22,"column":10}},"3":{"start":{"line":13,"column":12},"end":{"line":17,"column":13}},"4":{"start":{"line":15,"column":16},"end":{"line":15,"column":38}},"5":{"start":{"line":16,"column":16},"end":{"line":16,"column":33}},"6":{"start":{"line":18,"column":12},"end":{"line":18,"column":33}},"7":{"start":{"line":19,"column":12},"end":{"line":21,"column":13}},"8":{"start":{"line":20,"column":16},"end":{"line":20,"column":41}},"9":{"start":{"line":24,"column":4},"end":{"line":30,"column":5}},"10":{"start":{"line":25,"column":8},"end":{"line":25,"column":34}},"11":{"start":{"line":27,"column":8},"end":{"line":29,"column":9}},"12":{"start":{"line":28,"column":12},"end":{"line":28,"column":39}}},"branchMap":{"1":{"line":13,"type":"if","locations":[{"start":{"line":13,"column":12},"end":{"line":13,"column":12}},{"start":{"line":13,"column":12},"end":{"line":13,"column":12}}]},"2":{"line":15,"type":"binary-expr","locations":[{"start":{"line":15,"column":25},"end":{"line":15,"column":31}},{"start":{"line":15,"column":35},"end":{"line":15,"column":37}}]},"3":{"line":19,"type":"if","locations":[{"start":{"line":19,"column":12},"end":{"line":19,"column":12}},{"start":{"line":19,"column":12},"end":{"line":19,"column":12}}]},"4":{"line":24,"type":"if","locations":[{"start":{"line":24,"column":4},"end":{"line":24,"column":4}},{"start":{"line":24,"column":4},"end":{"line":24,"column":4}}]}},"code":["/**"," * helper to wait for all callbacks to complete; similar to `Promise.all`"," * exposed to metrics object for unit tests"," * @param {Array} requests"," * @param {Function} handler"," * @param {Function} callback"," */","exports.async_all = function(requests, handler, callback) {","    var total = requests.length,","        errors = null,","        results = [],","        done = function (err, result) {","            if (err) {","                // errors are `null` unless there is an error, which allows for promisification","                errors = errors || [];","                errors.push(err);","            }","            results.push(result);","            if (--total === 0) {","                callback(errors, results)","            }","        };","","    if (total === 0) {","        callback(errors, results);","    } else {","        for(var i = 0, l = requests.length; i < l; i++) {","            handler(requests[i], done);","        }","    }","};",""],"l":{"8":1,"9":0,"13":0,"15":0,"16":0,"18":0,"19":0,"20":0,"24":0,"25":0,"27":0,"28":0}}}